2019-10-02 10:02:08,508 ERROR 1763 [-/127.0.0.1/-/99ms POST /auth/registered] nodejs.ER_WARN_DATA_OUT_OF_RANGEError: ER_WARN_DATA_OUT_OF_RANGE: Out of range value for column 'phone' at row 1
    at Query.Sequence._packetToError (/Users/jake/egg-game/init/node_modules/_mysql@2.17.1@mysql/lib/protocol/sequences/Sequence.js:47:14)
    at Query.ErrorPacket (/Users/jake/egg-game/init/node_modules/_mysql@2.17.1@mysql/lib/protocol/sequences/Query.js:77:18)
    at Protocol._parsePacket (/Users/jake/egg-game/init/node_modules/_mysql@2.17.1@mysql/lib/protocol/Protocol.js:291:23)
    at Parser._parsePacket (/Users/jake/egg-game/init/node_modules/_mysql@2.17.1@mysql/lib/protocol/Parser.js:433:10)
    at Parser.write (/Users/jake/egg-game/init/node_modules/_mysql@2.17.1@mysql/lib/protocol/Parser.js:43:10)
    at Protocol.write (/Users/jake/egg-game/init/node_modules/_mysql@2.17.1@mysql/lib/protocol/Protocol.js:38:16)
    at Socket.<anonymous> (/Users/jake/egg-game/init/node_modules/_mysql@2.17.1@mysql/lib/Connection.js:91:28)
    at Socket.<anonymous> (/Users/jake/egg-game/init/node_modules/_mysql@2.17.1@mysql/lib/Connection.js:525:10)
    at Socket.emit (events.js:198:13)
    at addChunk (_stream_readable.js:288:12)
    --------------------
    at Pool.query (/Users/jake/egg-game/init/node_modules/_mysql@2.17.1@mysql/lib/Pool.js:199:23)
    at /Users/jake/egg-game/init/node_modules/_pify@2.3.0@pify/index.js:29:7
    at new Promise (<anonymous>)
    at Pool.<anonymous> (/Users/jake/egg-game/init/node_modules/_pify@2.3.0@pify/index.js:12:10)
    at Pool.ret [as query] (/Users/jake/egg-game/init/node_modules/_pify@2.3.0@pify/index.js:56:34)
    at RDSClient.proto._query (/Users/jake/egg-game/init/node_modules/_ali-rds@3.3.0@ali-rds/lib/client.js:34:20)
    at RDSClient.proto.query (/Users/jake/egg-game/init/node_modules/_ali-rds@3.3.0@ali-rds/lib/operator.js:54:29)
    at proto.query.next (<anonymous>)
    at onFulfilled (/Users/jake/egg-game/init/node_modules/_co@4.6.0@co/index.js:65:19)
    at /Users/jake/egg-game/init/node_modules/_co@4.6.0@co/index.js:54:5
    sql: INSERT INTO `account_info`(`account`, `password`, `createTime`, `phone`) VALUES('jake', '111111', '2019-10-02 10:02:08', '15392129809')
code: "ER_WARN_DATA_OUT_OF_RANGE"
errno: 1264
sqlMessage: "Out of range value for column 'phone' at row 1"
sqlState: "22003"
index: 0
sql: "INSERT INTO `account_info`(`account`, `password`, `createTime`, `phone`) VALUES('jake', '111111', '2019-10-02 10:02:08', '15392129809')"
name: "ER_WARN_DATA_OUT_OF_RANGEError"
pid: 1763
hostname: jakedeMacBook-Air.local

2019-10-02 10:03:28,955 ERROR 1763 [-/127.0.0.1/-/27ms POST /auth/registered] nodejs.ER_WARN_DATA_OUT_OF_RANGEError: ER_WARN_DATA_OUT_OF_RANGE: Out of range value for column 'phone' at row 1
    at Query.Sequence._packetToError (/Users/jake/egg-game/init/node_modules/_mysql@2.17.1@mysql/lib/protocol/sequences/Sequence.js:47:14)
    at Query.ErrorPacket (/Users/jake/egg-game/init/node_modules/_mysql@2.17.1@mysql/lib/protocol/sequences/Query.js:77:18)
    at Protocol._parsePacket (/Users/jake/egg-game/init/node_modules/_mysql@2.17.1@mysql/lib/protocol/Protocol.js:291:23)
    at Parser._parsePacket (/Users/jake/egg-game/init/node_modules/_mysql@2.17.1@mysql/lib/protocol/Parser.js:433:10)
    at Parser.write (/Users/jake/egg-game/init/node_modules/_mysql@2.17.1@mysql/lib/protocol/Parser.js:43:10)
    at Protocol.write (/Users/jake/egg-game/init/node_modules/_mysql@2.17.1@mysql/lib/protocol/Protocol.js:38:16)
    at Socket.<anonymous> (/Users/jake/egg-game/init/node_modules/_mysql@2.17.1@mysql/lib/Connection.js:91:28)
    at Socket.<anonymous> (/Users/jake/egg-game/init/node_modules/_mysql@2.17.1@mysql/lib/Connection.js:525:10)
    at Socket.emit (events.js:198:13)
    at addChunk (_stream_readable.js:288:12)
    --------------------
    at Pool.query (/Users/jake/egg-game/init/node_modules/_mysql@2.17.1@mysql/lib/Pool.js:199:23)
    at /Users/jake/egg-game/init/node_modules/_pify@2.3.0@pify/index.js:29:7
    at new Promise (<anonymous>)
    at Pool.<anonymous> (/Users/jake/egg-game/init/node_modules/_pify@2.3.0@pify/index.js:12:10)
    at Pool.ret [as query] (/Users/jake/egg-game/init/node_modules/_pify@2.3.0@pify/index.js:56:34)
    at RDSClient.proto._query (/Users/jake/egg-game/init/node_modules/_ali-rds@3.3.0@ali-rds/lib/client.js:34:20)
    at RDSClient.proto.query (/Users/jake/egg-game/init/node_modules/_ali-rds@3.3.0@ali-rds/lib/operator.js:54:29)
    at proto.query.next (<anonymous>)
    at onFulfilled (/Users/jake/egg-game/init/node_modules/_co@4.6.0@co/index.js:65:19)
    at /Users/jake/egg-game/init/node_modules/_co@4.6.0@co/index.js:54:5
    sql: INSERT INTO `account_info`(`account`, `password`, `createTime`, `phone`) VALUES('jake', '111111', '2019-10-02 10:03:28', '15392129809')
code: "ER_WARN_DATA_OUT_OF_RANGE"
errno: 1264
sqlMessage: "Out of range value for column 'phone' at row 1"
sqlState: "22003"
index: 0
sql: "INSERT INTO `account_info`(`account`, `password`, `createTime`, `phone`) VALUES('jake', '111111', '2019-10-02 10:03:28', '15392129809')"
name: "ER_WARN_DATA_OUT_OF_RANGEError"
pid: 1763
hostname: jakedeMacBook-Air.local

2019-10-02 10:06:33,370 WARN 1763 [-/127.0.0.1/-/6ms POST /auth/registered] nodejs.Error: invalid JSON, only supports object and array, check bodyParser config
    at parse (/Users/jake/egg-game/init/node_modules/_co-body@6.0.0@co-body/lib/json.js:55:13)
    at AsyncFunction.module.exports [as json] (/Users/jake/egg-game/init/node_modules/_co-body@6.0.0@co-body/lib/json.js:41:20)
    at process._tickCallback (internal/process/next_tick.js:68:7)
status: 400
body: "account=jake&password=111111&phone=15392129809"
headers: {"Access-Control-Allow-Origin":"http://127.0.0.1:8080","vary":"Origin"}
pid: 1763
hostname: jakedeMacBook-Air.local

2019-10-02 10:06:48,781 WARN 1763 [-/127.0.0.1/-/1ms POST /auth/registered] nodejs.Error: invalid JSON, only supports object and array, check bodyParser config
    at parse (/Users/jake/egg-game/init/node_modules/_co-body@6.0.0@co-body/lib/json.js:55:13)
    at AsyncFunction.module.exports [as json] (/Users/jake/egg-game/init/node_modules/_co-body@6.0.0@co-body/lib/json.js:41:20)
    at process._tickCallback (internal/process/next_tick.js:68:7)
status: 400
body: "account=jake&password=111111&phone=15392129809"
headers: {"Access-Control-Allow-Origin":"http://127.0.0.1:8080","vary":"Origin"}
pid: 1763
hostname: jakedeMacBook-Air.local

2019-10-02 10:07:36,453 ERROR 1763 [-/127.0.0.1/-/10ms POST /auth/registered] nodejs.ER_WARN_DATA_OUT_OF_RANGEError: ER_WARN_DATA_OUT_OF_RANGE: Out of range value for column 'phone' at row 1
    at Query.Sequence._packetToError (/Users/jake/egg-game/init/node_modules/_mysql@2.17.1@mysql/lib/protocol/sequences/Sequence.js:47:14)
    at Query.ErrorPacket (/Users/jake/egg-game/init/node_modules/_mysql@2.17.1@mysql/lib/protocol/sequences/Query.js:77:18)
    at Protocol._parsePacket (/Users/jake/egg-game/init/node_modules/_mysql@2.17.1@mysql/lib/protocol/Protocol.js:291:23)
    at Parser._parsePacket (/Users/jake/egg-game/init/node_modules/_mysql@2.17.1@mysql/lib/protocol/Parser.js:433:10)
    at Parser.write (/Users/jake/egg-game/init/node_modules/_mysql@2.17.1@mysql/lib/protocol/Parser.js:43:10)
    at Protocol.write (/Users/jake/egg-game/init/node_modules/_mysql@2.17.1@mysql/lib/protocol/Protocol.js:38:16)
    at Socket.<anonymous> (/Users/jake/egg-game/init/node_modules/_mysql@2.17.1@mysql/lib/Connection.js:91:28)
    at Socket.<anonymous> (/Users/jake/egg-game/init/node_modules/_mysql@2.17.1@mysql/lib/Connection.js:525:10)
    at Socket.emit (events.js:198:13)
    at addChunk (_stream_readable.js:288:12)
    --------------------
    at Pool.query (/Users/jake/egg-game/init/node_modules/_mysql@2.17.1@mysql/lib/Pool.js:199:23)
    at /Users/jake/egg-game/init/node_modules/_pify@2.3.0@pify/index.js:29:7
    at new Promise (<anonymous>)
    at Pool.<anonymous> (/Users/jake/egg-game/init/node_modules/_pify@2.3.0@pify/index.js:12:10)
    at Pool.ret [as query] (/Users/jake/egg-game/init/node_modules/_pify@2.3.0@pify/index.js:56:34)
    at RDSClient.proto._query (/Users/jake/egg-game/init/node_modules/_ali-rds@3.3.0@ali-rds/lib/client.js:34:20)
    at RDSClient.proto.query (/Users/jake/egg-game/init/node_modules/_ali-rds@3.3.0@ali-rds/lib/operator.js:54:29)
    at proto.query.next (<anonymous>)
    at onFulfilled (/Users/jake/egg-game/init/node_modules/_co@4.6.0@co/index.js:65:19)
    at /Users/jake/egg-game/init/node_modules/_co@4.6.0@co/index.js:54:5
    sql: INSERT INTO `account_info`(`account`, `password`, `createTime`, `phone`) VALUES('jake', '111111', '2019-10-02 10:07:36', 15392129809)
code: "ER_WARN_DATA_OUT_OF_RANGE"
errno: 1264
sqlMessage: "Out of range value for column 'phone' at row 1"
sqlState: "22003"
index: 0
sql: "INSERT INTO `account_info`(`account`, `password`, `createTime`, `phone`) VALUES('jake', '111111', '2019-10-02 10:07:36', 15392129809)"
name: "ER_WARN_DATA_OUT_OF_RANGEError"
pid: 1763
hostname: jakedeMacBook-Air.local

2019-10-02 10:12:00,277 ERROR 1763 [-/127.0.0.1/-/13ms POST /auth/registered] nodejs.ER_WARN_DATA_OUT_OF_RANGEError: ER_WARN_DATA_OUT_OF_RANGE: Out of range value for column 'phone' at row 1
    at Query.Sequence._packetToError (/Users/jake/egg-game/init/node_modules/_mysql@2.17.1@mysql/lib/protocol/sequences/Sequence.js:47:14)
    at Query.ErrorPacket (/Users/jake/egg-game/init/node_modules/_mysql@2.17.1@mysql/lib/protocol/sequences/Query.js:77:18)
    at Protocol._parsePacket (/Users/jake/egg-game/init/node_modules/_mysql@2.17.1@mysql/lib/protocol/Protocol.js:291:23)
    at Parser._parsePacket (/Users/jake/egg-game/init/node_modules/_mysql@2.17.1@mysql/lib/protocol/Parser.js:433:10)
    at Parser.write (/Users/jake/egg-game/init/node_modules/_mysql@2.17.1@mysql/lib/protocol/Parser.js:43:10)
    at Protocol.write (/Users/jake/egg-game/init/node_modules/_mysql@2.17.1@mysql/lib/protocol/Protocol.js:38:16)
    at Socket.<anonymous> (/Users/jake/egg-game/init/node_modules/_mysql@2.17.1@mysql/lib/Connection.js:91:28)
    at Socket.<anonymous> (/Users/jake/egg-game/init/node_modules/_mysql@2.17.1@mysql/lib/Connection.js:525:10)
    at Socket.emit (events.js:198:13)
    at addChunk (_stream_readable.js:288:12)
    --------------------
    at Pool.query (/Users/jake/egg-game/init/node_modules/_mysql@2.17.1@mysql/lib/Pool.js:199:23)
    at /Users/jake/egg-game/init/node_modules/_pify@2.3.0@pify/index.js:29:7
    at new Promise (<anonymous>)
    at Pool.<anonymous> (/Users/jake/egg-game/init/node_modules/_pify@2.3.0@pify/index.js:12:10)
    at Pool.ret [as query] (/Users/jake/egg-game/init/node_modules/_pify@2.3.0@pify/index.js:56:34)
    at RDSClient.proto._query (/Users/jake/egg-game/init/node_modules/_ali-rds@3.3.0@ali-rds/lib/client.js:34:20)
    at RDSClient.proto.query (/Users/jake/egg-game/init/node_modules/_ali-rds@3.3.0@ali-rds/lib/operator.js:54:29)
    at proto.query.next (<anonymous>)
    at onFulfilled (/Users/jake/egg-game/init/node_modules/_co@4.6.0@co/index.js:65:19)
    at /Users/jake/egg-game/init/node_modules/_co@4.6.0@co/index.js:54:5
    sql: INSERT INTO `account_info`(`account`, `password`, `createTime`, `phone`) VALUES('jake', '111111', '2019-10-02 10:12:00', 15392129809)
code: "ER_WARN_DATA_OUT_OF_RANGE"
errno: 1264
sqlMessage: "Out of range value for column 'phone' at row 1"
sqlState: "22003"
index: 0
sql: "INSERT INTO `account_info`(`account`, `password`, `createTime`, `phone`) VALUES('jake', '111111', '2019-10-02 10:12:00', 15392129809)"
name: "ER_WARN_DATA_OUT_OF_RANGEError"
pid: 1763
hostname: jakedeMacBook-Air.local

2019-10-02 10:14:06,608 ERROR 1763 [-/127.0.0.1/-/11ms POST /auth/registered] nodejs.ER_WARN_DATA_OUT_OF_RANGEError: ER_WARN_DATA_OUT_OF_RANGE: Out of range value for column 'phone' at row 1
    at Query.Sequence._packetToError (/Users/jake/egg-game/init/node_modules/_mysql@2.17.1@mysql/lib/protocol/sequences/Sequence.js:47:14)
    at Query.ErrorPacket (/Users/jake/egg-game/init/node_modules/_mysql@2.17.1@mysql/lib/protocol/sequences/Query.js:77:18)
    at Protocol._parsePacket (/Users/jake/egg-game/init/node_modules/_mysql@2.17.1@mysql/lib/protocol/Protocol.js:291:23)
    at Parser._parsePacket (/Users/jake/egg-game/init/node_modules/_mysql@2.17.1@mysql/lib/protocol/Parser.js:433:10)
    at Parser.write (/Users/jake/egg-game/init/node_modules/_mysql@2.17.1@mysql/lib/protocol/Parser.js:43:10)
    at Protocol.write (/Users/jake/egg-game/init/node_modules/_mysql@2.17.1@mysql/lib/protocol/Protocol.js:38:16)
    at Socket.<anonymous> (/Users/jake/egg-game/init/node_modules/_mysql@2.17.1@mysql/lib/Connection.js:91:28)
    at Socket.<anonymous> (/Users/jake/egg-game/init/node_modules/_mysql@2.17.1@mysql/lib/Connection.js:525:10)
    at Socket.emit (events.js:198:13)
    at addChunk (_stream_readable.js:288:12)
    --------------------
    at Pool.query (/Users/jake/egg-game/init/node_modules/_mysql@2.17.1@mysql/lib/Pool.js:199:23)
    at /Users/jake/egg-game/init/node_modules/_pify@2.3.0@pify/index.js:29:7
    at new Promise (<anonymous>)
    at Pool.<anonymous> (/Users/jake/egg-game/init/node_modules/_pify@2.3.0@pify/index.js:12:10)
    at Pool.ret [as query] (/Users/jake/egg-game/init/node_modules/_pify@2.3.0@pify/index.js:56:34)
    at RDSClient.proto._query (/Users/jake/egg-game/init/node_modules/_ali-rds@3.3.0@ali-rds/lib/client.js:34:20)
    at RDSClient.proto.query (/Users/jake/egg-game/init/node_modules/_ali-rds@3.3.0@ali-rds/lib/operator.js:54:29)
    at proto.query.next (<anonymous>)
    at onFulfilled (/Users/jake/egg-game/init/node_modules/_co@4.6.0@co/index.js:65:19)
    at /Users/jake/egg-game/init/node_modules/_co@4.6.0@co/index.js:54:5
    sql: INSERT INTO `account_info`(`account`, `password`, `createTime`, `phone`) VALUES('jake', '111111', '2019-10-02 10:14:06', 15392129809)
code: "ER_WARN_DATA_OUT_OF_RANGE"
errno: 1264
sqlMessage: "Out of range value for column 'phone' at row 1"
sqlState: "22003"
index: 0
sql: "INSERT INTO `account_info`(`account`, `password`, `createTime`, `phone`) VALUES('jake', '111111', '2019-10-02 10:14:06', 15392129809)"
name: "ER_WARN_DATA_OUT_OF_RANGEError"
pid: 1763
hostname: jakedeMacBook-Air.local

2019-10-02 10:27:18,903 ERROR 1763 [-/127.0.0.1/-/4ms POST /auth/registered] nodejs.ER_BAD_NULL_ERRORError: ER_BAD_NULL_ERROR: Column 'account' cannot be null
    at Query.Sequence._packetToError (/Users/jake/egg-game/init/node_modules/_mysql@2.17.1@mysql/lib/protocol/sequences/Sequence.js:47:14)
    at Query.ErrorPacket (/Users/jake/egg-game/init/node_modules/_mysql@2.17.1@mysql/lib/protocol/sequences/Query.js:77:18)
    at Protocol._parsePacket (/Users/jake/egg-game/init/node_modules/_mysql@2.17.1@mysql/lib/protocol/Protocol.js:291:23)
    at Parser._parsePacket (/Users/jake/egg-game/init/node_modules/_mysql@2.17.1@mysql/lib/protocol/Parser.js:433:10)
    at Parser.write (/Users/jake/egg-game/init/node_modules/_mysql@2.17.1@mysql/lib/protocol/Parser.js:43:10)
    at Protocol.write (/Users/jake/egg-game/init/node_modules/_mysql@2.17.1@mysql/lib/protocol/Protocol.js:38:16)
    at Socket.<anonymous> (/Users/jake/egg-game/init/node_modules/_mysql@2.17.1@mysql/lib/Connection.js:91:28)
    at Socket.<anonymous> (/Users/jake/egg-game/init/node_modules/_mysql@2.17.1@mysql/lib/Connection.js:525:10)
    at Socket.emit (events.js:198:13)
    at addChunk (_stream_readable.js:288:12)
    --------------------
    at Pool.query (/Users/jake/egg-game/init/node_modules/_mysql@2.17.1@mysql/lib/Pool.js:199:23)
    at /Users/jake/egg-game/init/node_modules/_pify@2.3.0@pify/index.js:29:7
    at new Promise (<anonymous>)
    at Pool.<anonymous> (/Users/jake/egg-game/init/node_modules/_pify@2.3.0@pify/index.js:12:10)
    at Pool.ret [as query] (/Users/jake/egg-game/init/node_modules/_pify@2.3.0@pify/index.js:56:34)
    at RDSClient.proto._query (/Users/jake/egg-game/init/node_modules/_ali-rds@3.3.0@ali-rds/lib/client.js:34:20)
    at RDSClient.proto.query (/Users/jake/egg-game/init/node_modules/_ali-rds@3.3.0@ali-rds/lib/operator.js:54:29)
    at proto.query.next (<anonymous>)
    at onFulfilled (/Users/jake/egg-game/init/node_modules/_co@4.6.0@co/index.js:65:19)
    at /Users/jake/egg-game/init/node_modules/_co@4.6.0@co/index.js:54:5
    sql: INSERT INTO `account_info`(`account`, `password`, `createTime`, `phone`) VALUES(NULL, NULL, '2019-10-02 10:27:18', 15392129809)
code: "ER_BAD_NULL_ERROR"
errno: 1048
sqlMessage: "Column 'account' cannot be null"
sqlState: "23000"
index: 0
sql: "INSERT INTO `account_info`(`account`, `password`, `createTime`, `phone`) VALUES(NULL, NULL, '2019-10-02 10:27:18', 15392129809)"
name: "ER_BAD_NULL_ERRORError"
pid: 1763
hostname: jakedeMacBook-Air.local

2019-10-02 10:27:40,851 ERROR 1763 [-/127.0.0.1/-/8ms POST /auth/registered] nodejs.ER_BAD_NULL_ERRORError: ER_BAD_NULL_ERROR: Column 'account' cannot be null
    at Query.Sequence._packetToError (/Users/jake/egg-game/init/node_modules/_mysql@2.17.1@mysql/lib/protocol/sequences/Sequence.js:47:14)
    at Query.ErrorPacket (/Users/jake/egg-game/init/node_modules/_mysql@2.17.1@mysql/lib/protocol/sequences/Query.js:77:18)
    at Protocol._parsePacket (/Users/jake/egg-game/init/node_modules/_mysql@2.17.1@mysql/lib/protocol/Protocol.js:291:23)
    at Parser._parsePacket (/Users/jake/egg-game/init/node_modules/_mysql@2.17.1@mysql/lib/protocol/Parser.js:433:10)
    at Parser.write (/Users/jake/egg-game/init/node_modules/_mysql@2.17.1@mysql/lib/protocol/Parser.js:43:10)
    at Protocol.write (/Users/jake/egg-game/init/node_modules/_mysql@2.17.1@mysql/lib/protocol/Protocol.js:38:16)
    at Socket.<anonymous> (/Users/jake/egg-game/init/node_modules/_mysql@2.17.1@mysql/lib/Connection.js:91:28)
    at Socket.<anonymous> (/Users/jake/egg-game/init/node_modules/_mysql@2.17.1@mysql/lib/Connection.js:525:10)
    at Socket.emit (events.js:198:13)
    at addChunk (_stream_readable.js:288:12)
    --------------------
    at Pool.query (/Users/jake/egg-game/init/node_modules/_mysql@2.17.1@mysql/lib/Pool.js:199:23)
    at /Users/jake/egg-game/init/node_modules/_pify@2.3.0@pify/index.js:29:7
    at new Promise (<anonymous>)
    at Pool.<anonymous> (/Users/jake/egg-game/init/node_modules/_pify@2.3.0@pify/index.js:12:10)
    at Pool.ret [as query] (/Users/jake/egg-game/init/node_modules/_pify@2.3.0@pify/index.js:56:34)
    at RDSClient.proto._query (/Users/jake/egg-game/init/node_modules/_ali-rds@3.3.0@ali-rds/lib/client.js:34:20)
    at RDSClient.proto.query (/Users/jake/egg-game/init/node_modules/_ali-rds@3.3.0@ali-rds/lib/operator.js:54:29)
    at proto.query.next (<anonymous>)
    at onFulfilled (/Users/jake/egg-game/init/node_modules/_co@4.6.0@co/index.js:65:19)
    at /Users/jake/egg-game/init/node_modules/_co@4.6.0@co/index.js:54:5
    sql: INSERT INTO `account_info`(`account`, `password`, `createTime`, `phone`) VALUES(NULL, NULL, '2019-10-02 10:27:40', 15392129809)
code: "ER_BAD_NULL_ERROR"
errno: 1048
sqlMessage: "Column 'account' cannot be null"
sqlState: "23000"
index: 0
sql: "INSERT INTO `account_info`(`account`, `password`, `createTime`, `phone`) VALUES(NULL, NULL, '2019-10-02 10:27:40', 15392129809)"
name: "ER_BAD_NULL_ERRORError"
pid: 1763
hostname: jakedeMacBook-Air.local

2019-10-02 10:40:39,022 ERROR 2120 [-/127.0.0.1/-/44ms POST /auth/registered] nodejs.TypeError: this.ctx.service.sql.db(...).get is not a function
    at AuthService.checkPhone (/Users/jake/egg-game/init/app/service/auth.js:5:44)
    at helper.sendData (/Users/jake/egg-game/init/app/controller/auth.js:19:30)
    at Helper.sendData (/Users/jake/egg-game/init/app/extend/helper.js:20:13)
    at authController.registered (/Users/jake/egg-game/init/app/controller/auth.js:13:18)
    at Object.callFn (/Users/jake/egg-game/init/node_modules/_egg-core@4.17.3@egg-core/lib/utils/index.js:44:21)
    at Object.classControllerMiddleware (/Users/jake/egg-game/init/node_modules/_egg-core@4.17.3@egg-core/lib/loader/mixin/controller.js:87:20)
    at Object.callFn (/Users/jake/egg-game/init/node_modules/_@eggjs_router@2.0.0@@eggjs/router/lib/utils.js:12:21)
    at wrappedController (/Users/jake/egg-game/init/node_modules/_@eggjs_router@2.0.0@@eggjs/router/lib/egg_router.js:322:18)
    at dispatch (/Users/jake/egg-game/init/node_modules/_koa-compose@3.2.1@koa-compose/index.js:44:32)
    at next (/Users/jake/egg-game/init/node_modules/_koa-compose@3.2.1@koa-compose/index.js:45:18)

pid: 2120
hostname: jakedeMacBook-Air.local

2019-10-02 10:41:14,341 ERROR 2120 [-/127.0.0.1/-/19248ms POST /auth/registered] nodejs.TypeError: this.ctx.service.sql.db(...).get is not a function
    at AuthService.checkPhone (/Users/jake/egg-game/init/app/service/auth.js:5:44)
    at helper.sendData (/Users/jake/egg-game/init/app/controller/auth.js:19:30)
    at Helper.sendData (/Users/jake/egg-game/init/app/extend/helper.js:20:13)
    at authController.registered (/Users/jake/egg-game/init/app/controller/auth.js:13:18)
    at Object.callFn (/Users/jake/egg-game/init/node_modules/_egg-core@4.17.3@egg-core/lib/utils/index.js:44:21)
    at Object.classControllerMiddleware (/Users/jake/egg-game/init/node_modules/_egg-core@4.17.3@egg-core/lib/loader/mixin/controller.js:87:20)
    at Object.callFn (/Users/jake/egg-game/init/node_modules/_@eggjs_router@2.0.0@@eggjs/router/lib/utils.js:12:21)
    at wrappedController (/Users/jake/egg-game/init/node_modules/_@eggjs_router@2.0.0@@eggjs/router/lib/egg_router.js:322:18)
    at dispatch (/Users/jake/egg-game/init/node_modules/_koa-compose@3.2.1@koa-compose/index.js:44:32)
    at next (/Users/jake/egg-game/init/node_modules/_koa-compose@3.2.1@koa-compose/index.js:45:18)

pid: 2120
hostname: jakedeMacBook-Air.local

2019-10-02 10:55:55,453 ERROR 2233 [-/127.0.0.1/-/12571ms POST /auth/registered] nodejs.TypeError: Cannot read property 'length' of null
    at AuthService.checkPhone (/Users/jake/egg-game/init/app/service/auth.js:7:21)
    at process._tickCallback (internal/process/next_tick.js:68:7)

pid: 2233
hostname: jakedeMacBook-Air.local

2019-10-02 10:59:09,947 ERROR 2261 [-/127.0.0.1/-/8ms POST /auth/registered] nodejs.TypeError: Cannot read property 'phone' of null
    at AuthService.checkPhone (/Users/jake/egg-game/init/app/service/auth.js:7:21)
    at process._tickCallback (internal/process/next_tick.js:68:7)

pid: 2261
hostname: jakedeMacBook-Air.local

2019-10-02 10:59:37,137 ERROR 2261 [-/127.0.0.1/-/8079ms POST /auth/registered] nodejs.TypeError: Cannot read property 'phone' of null
    at AuthService.checkPhone (/Users/jake/egg-game/init/app/service/auth.js:7:21)
    at process._tickCallback (internal/process/next_tick.js:68:7)

pid: 2261
hostname: jakedeMacBook-Air.local

2019-10-02 15:32:18,649 ERROR 1029 [-/127.0.0.1/-/46ms POST /auth/registered] nodejs.TypeError: Cannot read property 'ctx' of undefined
    at getCodeMsg (/Users/jake/egg-game/init/app/service/codeMsg.js:5:27)
    at userInterceptor (/Users/jake/egg-game/init/app/middleware/jwt.js:29:24)
    at fn (/Users/jake/egg-game/init/node_modules/_egg-core@4.17.3@egg-core/lib/loader/mixin/middleware.js:112:12)
    at dispatch (/Users/jake/egg-game/init/node_modules/_koa-compose@4.1.0@koa-compose/index.js:42:32)
    at /Users/jake/egg-game/init/node_modules/_egg-development@2.4.3@egg-development/app/middleware/egg_loader_trace.js:9:56
    at dispatch (/Users/jake/egg-game/init/node_modules/_koa-compose@4.1.0@koa-compose/index.js:42:32)
    at i18n (/Users/jake/egg-game/init/node_modules/_egg-i18n@2.1.1@egg-i18n/app/middleware/i18n.js:13:12)
    at dispatch (/Users/jake/egg-game/init/node_modules/_koa-compose@4.1.0@koa-compose/index.js:42:32)
    at dispatch (/Users/jake/egg-game/init/node_modules/_koa-compose@4.1.0@koa-compose/index.js:42:32)
    at dta (/Users/jake/egg-game/init/node_modules/_egg-security@2.6.1@egg-security/lib/middlewares/dta.js:12:12)
headers: {"Access-Control-Allow-Origin":"http://127.0.0.1:8080","vary":"Origin"}
pid: 1029
hostname: jakedeMacBook-Air.local

2019-10-02 15:33:15,281 ERROR 1029 [-/127.0.0.1/-/35670ms POST /auth/registered] nodejs.TypeError: Cannot read property 'ctx' of undefined
    at getCodeMsg (/Users/jake/egg-game/init/app/service/codeMsg.js:5:27)
    at userInterceptor (/Users/jake/egg-game/init/app/middleware/jwt.js:29:24)
    at fn (/Users/jake/egg-game/init/node_modules/_egg-core@4.17.3@egg-core/lib/loader/mixin/middleware.js:112:12)
    at dispatch (/Users/jake/egg-game/init/node_modules/_koa-compose@4.1.0@koa-compose/index.js:42:32)
    at /Users/jake/egg-game/init/node_modules/_egg-development@2.4.3@egg-development/app/middleware/egg_loader_trace.js:9:56
    at dispatch (/Users/jake/egg-game/init/node_modules/_koa-compose@4.1.0@koa-compose/index.js:42:32)
    at i18n (/Users/jake/egg-game/init/node_modules/_egg-i18n@2.1.1@egg-i18n/app/middleware/i18n.js:13:12)
    at dispatch (/Users/jake/egg-game/init/node_modules/_koa-compose@4.1.0@koa-compose/index.js:42:32)
    at dispatch (/Users/jake/egg-game/init/node_modules/_koa-compose@4.1.0@koa-compose/index.js:42:32)
    at dta (/Users/jake/egg-game/init/node_modules/_egg-security@2.6.1@egg-security/lib/middlewares/dta.js:12:12)
headers: {"Access-Control-Allow-Origin":"http://127.0.0.1:8080","vary":"Origin"}
pid: 1029
hostname: jakedeMacBook-Air.local

2019-10-02 15:33:36,587 ERROR 1043 [-/127.0.0.1/-/37ms POST /auth/registered] nodejs.TypeError: Cannot read property 'ctx' of undefined
    at getCodeMsg (/Users/jake/egg-game/init/app/service/codeMsg.js:5:27)
    at userInterceptor (/Users/jake/egg-game/init/app/middleware/jwt.js:29:24)
    at process._tickCallback (internal/process/next_tick.js:68:7)
headers: {"Access-Control-Allow-Origin":"http://127.0.0.1:8080","vary":"Origin"}
pid: 1043
hostname: jakedeMacBook-Air.local

2019-10-02 15:34:18,786 ERROR 1052 [-/127.0.0.1/-/40ms POST /auth/registered] nodejs.ER_NO_SUCH_TABLEError: ER_NO_SUCH_TABLE: Table 'db.code_err_msg' doesn't exist
    at Query.Sequence._packetToError (/Users/jake/egg-game/init/node_modules/_mysql@2.17.1@mysql/lib/protocol/sequences/Sequence.js:47:14)
    at Query.ErrorPacket (/Users/jake/egg-game/init/node_modules/_mysql@2.17.1@mysql/lib/protocol/sequences/Query.js:77:18)
    at Protocol._parsePacket (/Users/jake/egg-game/init/node_modules/_mysql@2.17.1@mysql/lib/protocol/Protocol.js:291:23)
    at Parser._parsePacket (/Users/jake/egg-game/init/node_modules/_mysql@2.17.1@mysql/lib/protocol/Parser.js:433:10)
    at Parser.write (/Users/jake/egg-game/init/node_modules/_mysql@2.17.1@mysql/lib/protocol/Parser.js:43:10)
    at Protocol.write (/Users/jake/egg-game/init/node_modules/_mysql@2.17.1@mysql/lib/protocol/Protocol.js:38:16)
    at Socket.<anonymous> (/Users/jake/egg-game/init/node_modules/_mysql@2.17.1@mysql/lib/Connection.js:91:28)
    at Socket.<anonymous> (/Users/jake/egg-game/init/node_modules/_mysql@2.17.1@mysql/lib/Connection.js:525:10)
    at Socket.emit (events.js:198:13)
    at addChunk (_stream_readable.js:288:12)
    --------------------
    at Pool.query (/Users/jake/egg-game/init/node_modules/_mysql@2.17.1@mysql/lib/Pool.js:199:23)
    at /Users/jake/egg-game/init/node_modules/_pify@2.3.0@pify/index.js:29:7
    at new Promise (<anonymous>)
    at Pool.<anonymous> (/Users/jake/egg-game/init/node_modules/_pify@2.3.0@pify/index.js:12:10)
    at Pool.ret [as query] (/Users/jake/egg-game/init/node_modules/_pify@2.3.0@pify/index.js:56:34)
    at RDSClient.proto._query (/Users/jake/egg-game/init/node_modules/_ali-rds@3.3.0@ali-rds/lib/client.js:34:20)
    at RDSClient.proto.query (/Users/jake/egg-game/init/node_modules/_ali-rds@3.3.0@ali-rds/lib/operator.js:54:29)
    at proto.query.next (<anonymous>)
    at onFulfilled (/Users/jake/egg-game/init/node_modules/_co@4.6.0@co/index.js:65:19)
    at /Users/jake/egg-game/init/node_modules/_co@4.6.0@co/index.js:54:5
    sql: SELECT * FROM `code_err_msg` WHERE `code` = 10002 LIMIT 0, 1
code: "ER_NO_SUCH_TABLE"
errno: 1146
sqlMessage: "Table 'db.code_err_msg' doesn't exist"
sqlState: "42S02"
index: 0
sql: "SELECT * FROM `code_err_msg` WHERE `code` = 10002 LIMIT 0, 1"
headers: {"Access-Control-Allow-Origin":"http://127.0.0.1:8080","vary":"Origin"}
name: "ER_NO_SUCH_TABLEError"
pid: 1052
hostname: jakedeMacBook-Air.local

2019-10-02 16:06:38,111 ERROR 1328 [-/127.0.0.1/-/69ms POST /auth/registered] nodejs.WARN_DATA_TRUNCATEDError: WARN_DATA_TRUNCATED: Data truncated for column 'user_id' at row 1
    at Query.Sequence._packetToError (/Users/jake/egg-game/init/node_modules/_mysql@2.17.1@mysql/lib/protocol/sequences/Sequence.js:47:14)
    at Query.ErrorPacket (/Users/jake/egg-game/init/node_modules/_mysql@2.17.1@mysql/lib/protocol/sequences/Query.js:77:18)
    at Protocol._parsePacket (/Users/jake/egg-game/init/node_modules/_mysql@2.17.1@mysql/lib/protocol/Protocol.js:291:23)
    at Parser._parsePacket (/Users/jake/egg-game/init/node_modules/_mysql@2.17.1@mysql/lib/protocol/Parser.js:433:10)
    at Parser.write (/Users/jake/egg-game/init/node_modules/_mysql@2.17.1@mysql/lib/protocol/Parser.js:43:10)
    at Protocol.write (/Users/jake/egg-game/init/node_modules/_mysql@2.17.1@mysql/lib/protocol/Protocol.js:38:16)
    at Socket.<anonymous> (/Users/jake/egg-game/init/node_modules/_mysql@2.17.1@mysql/lib/Connection.js:91:28)
    at Socket.<anonymous> (/Users/jake/egg-game/init/node_modules/_mysql@2.17.1@mysql/lib/Connection.js:525:10)
    at Socket.emit (events.js:198:13)
    at addChunk (_stream_readable.js:288:12)
    --------------------
    at Pool.query (/Users/jake/egg-game/init/node_modules/_mysql@2.17.1@mysql/lib/Pool.js:199:23)
    at /Users/jake/egg-game/init/node_modules/_pify@2.3.0@pify/index.js:29:7
    at new Promise (<anonymous>)
    at Pool.<anonymous> (/Users/jake/egg-game/init/node_modules/_pify@2.3.0@pify/index.js:12:10)
    at Pool.ret [as query] (/Users/jake/egg-game/init/node_modules/_pify@2.3.0@pify/index.js:56:34)
    at RDSClient.proto._query (/Users/jake/egg-game/init/node_modules/_ali-rds@3.3.0@ali-rds/lib/client.js:34:20)
    at RDSClient.proto.query (/Users/jake/egg-game/init/node_modules/_ali-rds@3.3.0@ali-rds/lib/operator.js:54:29)
    at proto.query.next (<anonymous>)
    at onFulfilled (/Users/jake/egg-game/init/node_modules/_co@4.6.0@co/index.js:65:19)
    at /Users/jake/egg-game/init/node_modules/_co@4.6.0@co/index.js:54:5
    sql: INSERT INTO `account_info`(`account`, `password`, `create_time`, `phone`, `user_id`) VALUES('wangjiahui', 'xiaobudian', '2019-10-02 16:06:38', 18557530997, '8f1d4b60-e4eb-11e9-8200-a1b929f979f6')
code: "WARN_DATA_TRUNCATED"
errno: 1265
sqlMessage: "Data truncated for column 'user_id' at row 1"
sqlState: "01000"
index: 0
sql: "INSERT INTO `account_info`(`account`, `password`, `create_time`, `phone`, `user_id`) VALUES('wangjiahui', 'xiaobudian', '2019-10-02 16:06:38', 18557530997, '8f1d4b60-e4eb-11e9-8200-a1b929f979f6')"
name: "WARN_DATA_TRUNCATEDError"
pid: 1328
hostname: jakedeMacBook-Air.local

2019-10-02 16:10:11,396 INFO 1363 [-/127.0.0.1/-/39ms POST /auth/registered] { success: false,
  data: { errorMsg: '手机号已经被注册了！' },
  msg: '手机号已经被注册了！' }
2019-10-02 16:11:35,002 INFO 1363 [-/127.0.0.1/-/13ms POST /auth/registered] { success: false,
  data: { errorMsg: '手机号已经被注册了！' },
  msg: '手机号已经被注册了！' }
2019-10-02 16:23:04,822 INFO 1547 [-/127.0.0.1/-/58ms POST /auth/registered] { success: false,
  data: { errorMsg: '手机号已经被注册了！' },
  msg: '手机号已经被注册了！' }
2019-10-02 16:24:06,794 INFO 1547 [-/127.0.0.1/-/23ms POST /auth/registered] { success: true, data: { row: true }, msg: undefined }
2019-10-02 16:31:10,717 INFO 1615 [-/127.0.0.1/-/64ms POST /auth/registered] { success: true, data: { row: true }, msg: undefined }
2019-10-02 16:31:14,586 INFO 1615 [-/127.0.0.1/-/9ms POST /auth/registered] { success: false,
  data: { errorMsg: '手机号已经被注册了！' },
  msg: '手机号已经被注册了！' }
2019-10-02 16:31:27,243 INFO 1615 [-/127.0.0.1/-/7ms POST /auth/registered] { success: false,
  data: { errorMsg: '该账户已经被注册！' },
  msg: '该账户已经被注册！' }
2019-10-02 16:42:53,141 INFO 1680 [-/127.0.0.1/-/61ms POST /auth/getToken] { success: false,
  data: { errorMsg: '您的手机未注册账号，请先注册！' },
  msg: '您的手机未注册账号，请先注册！' }
2019-10-02 16:43:05,666 INFO 1680 [-/127.0.0.1/-/18ms POST /auth/getToken] { success: true,
  data:
   'eyJhbGciOiJSUzI1NiIsInR5cCI6IkpXVCJ9.eyJkYXRhIjp7InVzZXJJZCI6IjE1MzkyMTI5ODA5In0sImV4cCI6MTU3MDAxMjk4NSwiaWF0IjoxNTcwMDA1Nzg1fQ.G56hfCktuCbVw9B2D40--rVXM3Llc4BbMWrOOd0KkP2AihWpCPwnnMI_4nhXJ9tgcib0r2I-ifGCJYKMu5U-i3wFdq23V9VykCxUfj1uZULyH_j1gSzlhNgE6i0jnVCAAImx88C5CCLw_4lIffBDUzNaP1QmUylg00nXiH3yqQ8',
  msg: undefined }
2019-10-02 16:44:31,789 INFO 1680 [-/127.0.0.1/-/13319ms POST /auth/getToken] { success: true,
  data:
   'eyJhbGciOiJSUzI1NiIsInR5cCI6IkpXVCJ9.eyJkYXRhIjp7InVzZXJJZCI6IjE1MzkyMTI5ODA5In0sImV4cCI6MTU3MDAxMzA1OCwiaWF0IjoxNTcwMDA1ODU4fQ.dgca8eaQJqWSB9BDd785Y1gS8byLw_Bm3mfB2YNvrcTwF6J19NDNsQL9FRCkQ_Unhv3AqkEj-RMcNOQEbNnlElWT-AMYpZhKzJI5OIghTSaKOpl0MO-aL_YHXaRA2EwlCvBVXMgvGYRpWts8m7BJPbB-S-UxqFjysxdllu-Ki7E',
  msg: undefined }
2019-10-02 16:44:53,299 INFO 1680 [-/127.0.0.1/-/18974ms POST /auth/getToken] { success: true,
  data:
   'eyJhbGciOiJSUzI1NiIsInR5cCI6IkpXVCJ9.eyJkYXRhIjp7InVzZXJJZCI6IjE1MzkyMTI5ODA5In0sImV4cCI6MTU3MDAxMzA3NCwiaWF0IjoxNTcwMDA1ODc4fQ.Ax0yw0Du9cdlF4BAOio5XmlC-GCP6m3IF3dLl11T9zi0tj_w8_ytPKDs-b2Adtr-0a9qp25q8821KlNmVXvSyn9_VzfQ6bFYF5aIy7akw0C-dtCmfcLD1cRZEQWD81WJaCfSDwmmTdx6D-Bxg8B4iQD6p6BiXVkEAS-fUa0Pjp4',
  msg: undefined }
2019-10-02 16:45:49,953 INFO 1716 [-/127.0.0.1/-/20186ms POST /auth/getToken] { success: true,
  data:
   { token:
      'eyJhbGciOiJSUzI1NiIsInR5cCI6IkpXVCJ9.eyJkYXRhIjp7InVzZXJJZCI6IjE1MzkyMTI5ODA5In0sImV4cCI6MTU3MDAxMzEyOSwiaWF0IjoxNTcwMDA1OTMyfQ.04O1yyD5_CB1kn-Up_grRoA85FG7y_hetqV8a8_O3IxxA-gBcVyupsucaYXDAF6Uy2-3uNI6M-pEMICHVwAGakEKPfNobhgPfAoBNJkdg4s5wWNdn4DxWhArlp462s_SmG5Yi0Net2HtuXkhDZLoTmMI-pH4xHK-vQwzpovGbpY' },
  msg: undefined }
2019-10-02 16:47:26,780 INFO 1716 [-/127.0.0.1/-/13ms POST /auth/getToken] { success: true,
  data:
   { token:
      'eyJhbGciOiJSUzI1NiIsInR5cCI6IkpXVCJ9.eyJkYXRhIjp7InVzZXJJZCI6IjE1MzkyMTI5ODA5In0sImV4cCI6MTU3MDAxMzI0NiwiaWF0IjoxNTcwMDA2MDQ2fQ.Q4TOPW56w_HSTt8mkqyc4uR4KBehAsdUYpuu2w4PLxD-G14ibRewFBpaq2FMWRH-vRNIJC5kx-JqnOMT-A5MAGYIeY6WJeFkUHNknNYn1zGpP-HiFzTAPWjH2X6VQLdFRrbFwGKTA2w00twffvlHjH6Usdm9gp0OFXGEVTiHbhg' },
  msg: undefined }
2019-10-02 16:47:27,495 INFO 1716 [-/127.0.0.1/-/20ms POST /auth/getToken] { success: true,
  data:
   { token:
      'eyJhbGciOiJSUzI1NiIsInR5cCI6IkpXVCJ9.eyJkYXRhIjp7InVzZXJJZCI6IjE1MzkyMTI5ODA5In0sImV4cCI6MTU3MDAxMzI0NywiaWF0IjoxNTcwMDA2MDQ3fQ.YGM5q3Xiz8hummn9XXyLQaXoIo-o0BLxe_Mf3A3Gi-UsHg5ICeWBoEA1_U6RJ36-037DXLfIEdQtu9Rx7FSlYmqKpxUU67rH08PQ8SoeVPKNUnQrukzNpsjzdQJuxNTEi1nQqlWq1O1B_TW_dkDGCg8k6Bjjw5upk7gt8UcOqgk' },
  msg: undefined }
2019-10-02 16:47:28,065 INFO 1716 [-/127.0.0.1/-/13ms POST /auth/getToken] { success: true,
  data:
   { token:
      'eyJhbGciOiJSUzI1NiIsInR5cCI6IkpXVCJ9.eyJkYXRhIjp7InVzZXJJZCI6IjE1MzkyMTI5ODA5In0sImV4cCI6MTU3MDAxMzI0OCwiaWF0IjoxNTcwMDA2MDQ4fQ.EogdEAvaIT80BshK9hmRMRCSO-idS8kkaH6Q6THteJwyqUmFEiFdkNmlkE15Cax48qdn8iZvJ8ow3S59iMAM_NX1jvfOibderdLn9v70Sr5JSWyU0e_fNyRWBXLDJF0Xa4jrrlFEJvpNhYPQtMv4_Xr7xKsdWVMQS8hDjSyu6w8' },
  msg: undefined }
2019-10-02 16:47:28,480 INFO 1716 [-/127.0.0.1/-/9ms POST /auth/getToken] { success: true,
  data:
   { token:
      'eyJhbGciOiJSUzI1NiIsInR5cCI6IkpXVCJ9.eyJkYXRhIjp7InVzZXJJZCI6IjE1MzkyMTI5ODA5In0sImV4cCI6MTU3MDAxMzI0OCwiaWF0IjoxNTcwMDA2MDQ4fQ.EogdEAvaIT80BshK9hmRMRCSO-idS8kkaH6Q6THteJwyqUmFEiFdkNmlkE15Cax48qdn8iZvJ8ow3S59iMAM_NX1jvfOibderdLn9v70Sr5JSWyU0e_fNyRWBXLDJF0Xa4jrrlFEJvpNhYPQtMv4_Xr7xKsdWVMQS8hDjSyu6w8' },
  msg: undefined }
2019-10-02 16:50:06,602 INFO 1747 [-/127.0.0.1/-/45ms POST /auth/getToken] { success: true,
  data:
   { token:
      'eyJhbGciOiJSUzI1NiIsInR5cCI6IkpXVCJ9.eyJkYXRhIjp7InVzZXJJZCI6IjE1MzkyMTI5ODA5In0sImlhdCI6MTU3MDAwNjIwNn0.r5cblAfcQXNW0TDN9l7N7XUV__NSdG9eX5fSdR7ndL6dfsPyyYrzbUrUblqNkQHbuGTkTzYjtje16vnXCQslj6RShBO6ebKGZXekYn50v7TjbqKhhgcn4HOQWKyKAHB9-nLsdfpgmv55YU4m8y_hD4BdgmDvta7n_6VzwEUDOjE' },
  msg: undefined }
2019-10-02 16:57:32,812 INFO 1803 [-/127.0.0.1/-/53ms POST /auth/getToken] { success: true,
  data:
   { token:
      'eyJhbGciOiJSUzI1NiIsInR5cCI6IkpXVCJ9.eyJkYXRhIjp7InVzZXJJZCI6IjE1MzkyMTI5ODA5IiwicGhvbmUiOiIxNTM5MjEyOTgwOSJ9LCJleHAiOjE1NzAwMTM4NTIsImlhdCI6MTU3MDAwNjY1Mn0.ZC1UipsxZ0UT2suMKjwkWsSOTmv5SaIQy030717iMETPTruPE1nm090wuAnLROwhmaR9MeUMLte6FQ5IgApy18tKOw770bUOIqBz4mPAmJxqiqrqUa4Sl9lx5WzLrxVxpj46VBgSlv8AHeQG-WIyknqkbOOEAJEXs2DRysIO6Is' },
  msg: undefined }
2019-10-02 17:33:06,638 ERROR 2104 [-/127.0.0.1/-/61ms POST /auth/getToken] nodejs.TypeError: #<Promise> is not iterable
    at new Set (<anonymous>)
    at TokenService.tokens (/Users/jake/egg-game/init/app/service/token.js:7:18)
    at TokenService.set (/Users/jake/egg-game/init/app/service/token.js:12:29)
    at helper.sendData (/Users/jake/egg-game/init/app/controller/auth.js:19:27)
    at process._tickCallback (internal/process/next_tick.js:68:7)

pid: 2104
hostname: jakedeMacBook-Air.local

2019-10-02 17:33:06,640 ERROR 2104 [-/127.0.0.1/-/63ms POST /auth/getToken] { success: false,
  data: null,
  error: 'TypeError: #<Promise> is not iterable' }
2019-10-02 17:33:55,313 ERROR 2104 [-/127.0.0.1/-/7594ms POST /auth/getToken] nodejs.TypeError: #<Promise> is not iterable
    at new Set (<anonymous>)
    at TokenService.tokens (/Users/jake/egg-game/init/app/service/token.js:7:18)
    at TokenService.set (/Users/jake/egg-game/init/app/service/token.js:12:29)
    at helper.sendData (/Users/jake/egg-game/init/app/controller/auth.js:19:27)
    at process._tickCallback (internal/process/next_tick.js:68:7)

pid: 2104
hostname: jakedeMacBook-Air.local

2019-10-02 17:33:55,314 ERROR 2104 [-/127.0.0.1/-/7595ms POST /auth/getToken] { success: false,
  data: null,
  error: 'TypeError: #<Promise> is not iterable' }
2019-10-02 17:34:41,951 ERROR 2104 [-/127.0.0.1/-/24ms POST /auth/getToken] nodejs.TypeError: #<Promise> is not iterable
    at new Set (<anonymous>)
    at TokenService.tokens (/Users/jake/egg-game/init/app/service/token.js:7:18)
    at TokenService.set (/Users/jake/egg-game/init/app/service/token.js:12:29)
    at helper.sendData (/Users/jake/egg-game/init/app/controller/auth.js:19:27)
    at process._tickCallback (internal/process/next_tick.js:68:7)

pid: 2104
hostname: jakedeMacBook-Air.local

2019-10-02 17:34:41,952 ERROR 2104 [-/127.0.0.1/-/25ms POST /auth/getToken] { success: false,
  data: null,
  error: 'TypeError: #<Promise> is not iterable' }
2019-10-02 17:35:01,098 INFO 2127 [-/127.0.0.1/-/55ms POST /auth/getToken] Promise { <pending> }
2019-10-02 17:35:01,101 ERROR 2127 [-/127.0.0.1/-/60ms POST /auth/getToken] nodejs.TypeError: #<Promise> is not iterable
    at new Set (<anonymous>)
    at TokenService.tokens (/Users/jake/egg-game/init/app/service/token.js:8:18)
    at TokenService.set (/Users/jake/egg-game/init/app/service/token.js:13:29)
    at helper.sendData (/Users/jake/egg-game/init/app/controller/auth.js:19:27)
    at process._tickCallback (internal/process/next_tick.js:68:7)

pid: 2127
hostname: jakedeMacBook-Air.local

2019-10-02 17:35:01,103 ERROR 2127 [-/127.0.0.1/-/62ms POST /auth/getToken] { success: false,
  data: null,
  error: 'TypeError: #<Promise> is not iterable' }
2019-10-02 17:35:28,898 INFO 2138 [-/127.0.0.1/-/47ms POST /auth/getToken] null
2019-10-02 17:35:28,903 INFO 2138 [-/127.0.0.1/-/51ms POST /auth/getToken] { success: true,
  data:
   { token:
      'eyJhbGciOiJSUzI1NiIsInR5cCI6IkpXVCJ9.eyJkYXRhIjp7InVzZXJJZCI6IjE1MzkyMTI5ODA5IiwicGhvbmUiOiIxNTM5MjEyOTgwOSJ9LCJleHAiOjE1NzAwMTYxMjgsImlhdCI6MTU3MDAwODkyOH0.6TrMVj7P0gofWgs4bZ80g3Y0GtLqzPJGIptlsfSyHT1S93g9KOAENcvlkEvvG3pdpJvSMRQ5n6TKzpSYhPHwogAgn65Rl8wTxznlbLWyIGLoDKkJyKly0gyigqwVBGeLnRRtO8h-IE8SoPtz9wJdYU4U96lMlm8OHWJ5o5j7X90' },
  msg: undefined }
2019-10-02 17:35:43,178 INFO 2138 [-/127.0.0.1/-/8ms POST /auth/getToken] [object Set]
2019-10-02 17:35:43,179 INFO 2138 [-/127.0.0.1/-/9ms POST /auth/getToken] { success: true,
  data:
   { token:
      'eyJhbGciOiJSUzI1NiIsInR5cCI6IkpXVCJ9.eyJkYXRhIjp7InVzZXJJZCI6IjE1MzkyMTI5ODA5IiwicGhvbmUiOiIxNTM5MjEyOTgwOSJ9LCJleHAiOjE1NzAwMTYxNDMsImlhdCI6MTU3MDAwODk0M30.W1sn9nqM0K6gCW7XiRBJgm3QnCui1fB07ztTbPUlmnQoDPtBhSfI938HASXsNdtn6lnGih9Wt0Q7btuQsNEKdbfRUSqHUh5guqcdnZW80wH_FIRo5cBNJXHuECry9enM6TUmVEHPD8FI_0Y18q0IimBOdbl4Q-d6ODfEKYhZ0r4' },
  msg: undefined }
2019-10-02 17:49:05,662 ERROR 2257 [-/127.0.0.1/-/6510ms POST /auth/getToken] nodejs.TypeError: tokens.add is not a function
    at TokenService.set (/Users/jake/egg-game/init/app/service/token.js:13:12)
    at process._tickCallback (internal/process/next_tick.js:68:7)

pid: 2257
hostname: jakedeMacBook-Air.local

2019-10-02 17:49:05,665 ERROR 2257 [-/127.0.0.1/-/6514ms POST /auth/getToken] { success: false,
  data: null,
  error: 'TypeError: tokens.add is not a function' }
2019-10-02 17:55:13,325 INFO 2295 [-/127.0.0.1/-/55ms POST /auth/getToken] { success: true,
  data:
   { token:
      'eyJhbGciOiJSUzI1NiIsInR5cCI6IkpXVCJ9.eyJkYXRhIjp7InVzZXJJZCI6IjE1MzkyMTI5ODA5IiwicGhvbmUiOiIxNTM5MjEyOTgwOSJ9LCJleHAiOjE1NzAwMTczMTMsImlhdCI6MTU3MDAxMDExM30.dxTRt4l5PxFWs0wpJndvpDH4GzPJbjfGKw13W6b6Tl005h_0vKKKeHfrv3GcZZbgSvESg2k2VTZ7FWU_QRGOJJlmLNR1na0tI72coJbIcl_6bBsfS0VWa4Oa8I9lC-QG3czs5IHZft66G4N1VldEVLQVYvK_hcu9QbmIOhOh8hY' },
  msg: undefined }
2019-10-02 18:00:52,808 ERROR 2340 [-/127.0.0.1/-/50ms POST /auth/getToken] nodejs.TypeError: tokens.get is not a function
    at TokenService.tokens (/Users/jake/egg-game/init/app/service/token.js:8:12)
    at process._tickCallback (internal/process/next_tick.js:68:7)

pid: 2340
hostname: jakedeMacBook-Air.local

2019-10-02 18:00:52,810 ERROR 2340 [-/127.0.0.1/-/52ms POST /auth/getToken] { success: false,
  data: null,
  error: 'TypeError: tokens.get is not a function' }
2019-10-02 18:01:23,196 ERROR 2344 [-/127.0.0.1/-/35ms POST /auth/getToken] nodejs.TypeError: redis.get(...).get is not a function
    at TokenService.tokens (/Users/jake/egg-game/init/app/service/token.js:7:46)
    at TokenService.set (/Users/jake/egg-game/init/app/service/token.js:14:29)
    at helper.sendData (/Users/jake/egg-game/init/app/controller/auth.js:19:27)
    at process._tickCallback (internal/process/next_tick.js:68:7)

pid: 2344
hostname: jakedeMacBook-Air.local

2019-10-02 18:01:23,198 ERROR 2344 [-/127.0.0.1/-/37ms POST /auth/getToken] { success: false,
  data: null,
  error: 'TypeError: redis.get(...).get is not a function' }
2019-10-02 20:18:13,982 ERROR 2682 [-/127.0.0.1/-/4141ms POST /auth/getToken] nodejs.ReferenceError: app is not defined
    at TokenService.set (/Users/jake/egg-game/init/app/service/token.js:15:5)
    at process._tickCallback (internal/process/next_tick.js:68:7)

pid: 2682
hostname: jakedeMacBook-Air.local

2019-10-02 20:18:13,984 ERROR 2682 [-/127.0.0.1/-/4144ms POST /auth/getToken] { success: false,
  data: null,
  error: 'ReferenceError: app is not defined' }
2019-10-02 20:18:32,053 ERROR 2685 [-/127.0.0.1/-/2971ms POST /auth/getToken] nodejs.TypeError: redis.get(...).set is not a function
    at TokenService.set (/Users/jake/egg-game/init/app/service/token.js:15:34)
    at process._tickCallback (internal/process/next_tick.js:68:7)

pid: 2685
hostname: jakedeMacBook-Air.local

2019-10-02 20:18:32,056 ERROR 2685 [-/127.0.0.1/-/2973ms POST /auth/getToken] { success: false,
  data: null,
  error: 'TypeError: redis.get(...).set is not a function' }
2019-10-02 20:40:25,802 ERROR 2874 [-/127.0.0.1/-/65ms POST /auth/getToken] nodejs.TypeError: redis.set is not a function
    at TokenService.set (/Users/jake/egg-game/init/app/service/token.js:15:24)
    at process._tickCallback (internal/process/next_tick.js:68:7)

pid: 2874
hostname: jakedeMacBook-Air.local

2019-10-02 20:40:25,804 ERROR 2874 [-/127.0.0.1/-/68ms POST /auth/getToken] { success: false,
  data: null,
  error: 'TypeError: redis.set is not a function' }
2019-10-02 20:40:47,307 ERROR 2874 [-/127.0.0.1/-/9ms POST /auth/getToken] nodejs.TypeError: redis.set is not a function
    at TokenService.set (/Users/jake/egg-game/init/app/service/token.js:15:24)
    at process._tickCallback (internal/process/next_tick.js:68:7)

pid: 2874
hostname: jakedeMacBook-Air.local

2019-10-02 20:40:47,308 ERROR 2874 [-/127.0.0.1/-/10ms POST /auth/getToken] { success: false,
  data: null,
  error: 'TypeError: redis.set is not a function' }
2019-10-02 20:40:55,331 INFO 2888 [-/127.0.0.1/-/57ms POST /auth/getToken] { success: true,
  data:
   { token:
      'eyJhbGciOiJSUzI1NiIsInR5cCI6IkpXVCJ9.eyJkYXRhIjp7InVzZXJJZCI6IjE1MzkyMTI5ODA5IiwicGhvbmUiOiIxNTM5MjEyOTgwOSJ9LCJleHAiOjE1NzAwMjcyNTUsImlhdCI6MTU3MDAyMDA1NX0.XZjtGdE7H-uSb-S7Ac3fzZO9q91hqgQvqrfHARBM2MgtMHBeZILsNG0RYfURwLl4rbjsxovh-6tEQPKsxW4rjhdVLl7CG9R16yK1UCe8kuqyLcFp0s1HKkwzC6a74l4bd1YDDzRH39DCax3I1--GGZ31xb-ZDAwj6rAw2lnBjyM' },
  msg: undefined }
2019-10-02 20:43:40,839 INFO 2900 [-/127.0.0.1/-/35ms POST /auth/getToken] { success: true,
  data:
   { token:
      'eyJhbGciOiJSUzI1NiIsInR5cCI6IkpXVCJ9.eyJkYXRhIjp7InVzZXJJZCI6IjE1MzkyMTI5ODA5IiwicGhvbmUiOiIxNTM5MjEyOTgwOSJ9LCJleHAiOjE1NzAwMjc0MjAsImlhdCI6MTU3MDAyMDIyMH0.UwGE80-kDIMLGAlTKOLl_6c8hfkemIKhDgrtKfNz3NtXt-FVWO0VUGjxKq5nnCeiA3TmdjfsWUumzM5HP7jE9ahMzD-ZKt0cmGmvJnUCsRUI5QoaY3o2ClA1XiYHf1vIwvGaVA4pO9CrrVjlTqRh7_mkHWv9nNgBSjt51CG_d0A' },
  msg: undefined }
2019-10-02 20:44:15,995 INFO 2900 [-/127.0.0.1/-/7ms POST /auth/getToken] { success: true,
  data:
   { token:
      'eyJhbGciOiJSUzI1NiIsInR5cCI6IkpXVCJ9.eyJkYXRhIjp7InVzZXJJZCI6IjE1MzkyMTI5ODA5IiwicGhvbmUiOiIxNTM5MjEyOTgwOSJ9LCJleHAiOjE1NzAwMjc0NTUsImlhdCI6MTU3MDAyMDI1NX0.UjT_gHY3zCC8mmWUhTYA6zut1h0lUVOOPkgLwl8x_HWCsrTNLhFqD9yiyPlavZmUPvTbXBbVSG3pk9VyBQqFiXlvAw1tXOjeG7X3u-jMfT5scMbpo7SQqgY3Jz5qt_lIv8CVJILPw86yCqA1zBEW-oSkrhIR2y1_kh9vtT-tAIY' },
  msg: undefined }
2019-10-02 20:44:21,805 INFO 2900 [-/127.0.0.1/-/6ms POST /auth/getToken] { success: true,
  data:
   { token:
      'eyJhbGciOiJSUzI1NiIsInR5cCI6IkpXVCJ9.eyJkYXRhIjp7InVzZXJJZCI6IjE1MzkyMTI5ODA5IiwicGhvbmUiOiIxNTM5MjEyOTgwOSJ9LCJleHAiOjE1NzAwMjc0NjEsImlhdCI6MTU3MDAyMDI2MX0.LFz2S4Vcr2bd2UK8-uMl9r4-hc6oRTGjS8AyNq5Cjbv33HY1mRN6HHQPzX6vNTmvdxZspTL0KZCVD4x8uz62TvE_AmVL5nn1zFXSVo3l_EJscVMoQ_XFJJgFeN4syw6c89c88sBe3UEXk-FYC8U77tiIDooWSmupvvp6WDQy7Io' },
  msg: undefined }
2019-10-02 20:44:34,214 INFO 2900 [-/127.0.0.1/-/5ms POST /auth/getToken] { success: true,
  data:
   { token:
      'eyJhbGciOiJSUzI1NiIsInR5cCI6IkpXVCJ9.eyJkYXRhIjp7InVzZXJJZCI6IjE1MzkyMTI5ODA5IiwicGhvbmUiOiIxNTM5MjEyOTgwOSJ9LCJleHAiOjE1NzAwMjc0NzQsImlhdCI6MTU3MDAyMDI3NH0.P-HhEc_XzPV6kYZ5ykbR0Sn2um7_vZL01KvvRtN8_OofNY0gj0TSV1KEZ-T4jVjzajHcRUaG7LMPaWKXNNvNLr-Z-pzj8jzVrVJ9YGeDfOXZEBLE6QJ9D2TWPSpKFUOmxjDn0cg9DlifZNzCKOt8ZB8CDuBAb2hqzxqipiTh-7A' },
  msg: undefined }
2019-10-02 20:44:54,149 INFO 2900 [-/127.0.0.1/-/6ms POST /auth/getToken] { success: true,
  data:
   { token:
      'eyJhbGciOiJSUzI1NiIsInR5cCI6IkpXVCJ9.eyJkYXRhIjp7InVzZXJJZCI6IjE1MzkyMTI5ODA5IiwicGhvbmUiOiIxNTM5MjEyOTgwOSJ9LCJleHAiOjE1NzAwMjc0OTQsImlhdCI6MTU3MDAyMDI5NH0.Xzo27Q1Av4oIvEuVi09mCDQrJOy8R0PdvTuYPUCsEEvyPpcgwbWpZC6y1WT7mA7MVYHCy49CK5OBKY3mzF5nlMIDa6XZQ_qWhjNL_Wz_qgEHPKglgpokZLsAJv83IBKbSJPYjd32d-Y345erp6eIGPwJEAHOlrjrwTYtUhD4b7Q' },
  msg: undefined }
2019-10-02 21:17:56,800 INFO 3227 [-/127.0.0.1/-/68ms POST /auth/getToken] { success: true,
  data:
   { token:
      'eyJhbGciOiJSUzI1NiIsInR5cCI6IkpXVCJ9.eyJkYXRhIjp7InBob25lIjoiMTUzOTIxMjk4MDkiLCJ1c2VySWQiOiJmY2RiNGE1MC1lNGVlLTExZTktYjk3MC00MWI3MzBhY2Y0NTIifSwiZXhwIjoxNTcwMDI5NDc2LCJpYXQiOjE1NzAwMjIyNzZ9.tSaheOLEj0YojEhKqtlFJAD8YsAsEr7s-l7N2NG8bYGaLk_-hqZkIQTKc9CQSa3Tk_MyQWWU73JZMlcN9GJNHQOhQYnYJQgk30nBlRbP38wvVtTI4DzvHKP-x-paDAEsa_QuG9CEmvTW3VyUEEjAZoNB_Uh6yS3FvNJJvPV9_SU' },
  msg: undefined }
2019-10-02 21:21:09,483 INFO 3227 [-/127.0.0.1/-/17ms POST /auth/getToken] { success: true,
  data:
   { token:
      'eyJhbGciOiJSUzI1NiIsInR5cCI6IkpXVCJ9.eyJkYXRhIjp7InBob25lIjoiMTUzOTIxMjk4MDkiLCJ1c2VySWQiOiJmY2RiNGE1MC1lNGVlLTExZTktYjk3MC00MWI3MzBhY2Y0NTIifSwiZXhwIjoxNTcwMDI5NjY5LCJpYXQiOjE1NzAwMjI0Njl9.QmlRA8rqQ8yvb5jaQjASKEILeNZocjfVIxRRSMj7ZN1L6aFG6YPCKSsLXLRSAhx8G7wEWbLMwI5sF3MHzVCsY8bzE2PCCUF_nqOHwDa-B-Vh6DCCxPgsH9sozKijHImKaCJdObghBr6l5E3iE6EjfzwuxdQpdKdt5uQ-YR8qOrY' },
  msg: undefined }
2019-10-02 21:35:02,760 WARN 3382 [-/127.0.0.1/-/42ms POST /auth/getToken] missing csrf token. See https://eggjs.org/zh-cn/core/security.html#安全威胁csrf的防范
2019-10-02 21:35:02,766 WARN 3382 [-/127.0.0.1/-/47ms POST /auth/getToken] nodejs.ForbiddenError: missing csrf token
    at Object.throw (/Users/jake/egg-game/init/node_modules/_koa@2.8.2@koa/lib/context.js:97:11)
    at Object.assertCsrf (/Users/jake/egg-game/init/node_modules/_egg-security@2.6.1@egg-security/app/extend/context.js:154:19)
    at csrf (/Users/jake/egg-game/init/node_modules/_egg-security@2.6.1@egg-security/lib/middlewares/csrf.js:33:9)
    at dispatch (/Users/jake/egg-game/init/node_modules/_koa-compose@4.1.0@koa-compose/index.js:42:32)
    at /Users/jake/egg-game/init/node_modules/_koa-compose@4.1.0@koa-compose/index.js:34:12
    at dispatch (/Users/jake/egg-game/init/node_modules/_koa-compose@4.1.0@koa-compose/index.js:42:32)
    at session (/Users/jake/egg-game/init/node_modules/_koa-session@5.12.3@koa-session/index.js:41:13)
    at dispatch (/Users/jake/egg-game/init/node_modules/_koa-compose@4.1.0@koa-compose/index.js:42:32)
    at overrideMethod (/Users/jake/egg-game/init/node_modules/_koa-override@3.0.0@koa-override/index.js:38:12)
    at dispatch (/Users/jake/egg-game/init/node_modules/_koa-compose@4.1.0@koa-compose/index.js:42:32)
message: "missing csrf token"
headers: {"Access-Control-Allow-Origin":"http://127.0.0.1:8080","vary":"Origin"}
pid: 3382
hostname: jakedeMacBook-Air.local

2019-10-02 21:51:10,456 INFO 3499 [-/127.0.0.1/-/51ms POST /auth/getToken] { success: true,
  data:
   { token:
      'eyJhbGciOiJSUzI1NiIsInR5cCI6IkpXVCJ9.eyJkYXRhIjp7InBob25lIjoiMTUzOTIxMjk4MDkiLCJ1c2VySWQiOiJmY2RiNGE1MC1lNGVlLTExZTktYjk3MC00MWI3MzBhY2Y0NTIifSwiZXhwIjoxNTcwMDI0MzMwLCJpYXQiOjE1NzAwMjQyNzB9.ekkW2p7hpNa4XcVmVUZIM0p0m2FdgScrNc4SQiigJHcHVeob3dRLT_RbMDp-4Noxbjvd_MLKJMi3g8JsDQepJuLYXh6xUqHXvQ_0XC_mMSxduHMop3wygaqpvYMTJ-2Xcyy3oPGYjLEpYYV8rGXgTweDRKeDOjghfc_TLAZ0NMs' },
  msg: undefined }
2019-10-02 21:52:47,385 INFO 3499 [-/127.0.0.1/-/9ms POST /auth/getToken] { success: true,
  data:
   { token:
      'eyJhbGciOiJSUzI1NiIsInR5cCI6IkpXVCJ9.eyJkYXRhIjp7InBob25lIjoiMTUzOTIxMjk4MDkiLCJ1c2VySWQiOiJmY2RiNGE1MC1lNGVlLTExZTktYjk3MC00MWI3MzBhY2Y0NTIifSwiZXhwIjoxNTcwMDI0NDI3LCJpYXQiOjE1NzAwMjQzNjd9.fR4GTx6oY09bCFrBPo6xG8WvYc54CykmqYaYIt4HF3ro0BQ4qZVsfpZI9bsvZRF1miScMNMQG6SywxF0bLAJLD5ii_oAwHsPA1nJh4QO38uaXbJok2wisVJvZdc0aQvCzBxQCkw4PPJOlURHyRQ7uYASCjKyfCbQv6tLcCvIxPs' },
  msg: undefined }
2019-10-02 21:54:06,938 WARN 3521 [-/127.0.0.1/-/36ms POST /auth/getToken] missing csrf token. See https://eggjs.org/zh-cn/core/security.html#安全威胁csrf的防范
2019-10-02 21:54:06,941 WARN 3521 [-/127.0.0.1/-/39ms POST /auth/getToken] nodejs.ForbiddenError: missing csrf token
    at Object.throw (/Users/jake/egg-game/init/node_modules/_koa@2.8.2@koa/lib/context.js:97:11)
    at Object.assertCsrf (/Users/jake/egg-game/init/node_modules/_egg-security@2.6.1@egg-security/app/extend/context.js:154:19)
    at csrf (/Users/jake/egg-game/init/node_modules/_egg-security@2.6.1@egg-security/lib/middlewares/csrf.js:33:9)
    at dispatch (/Users/jake/egg-game/init/node_modules/_koa-compose@4.1.0@koa-compose/index.js:42:32)
    at /Users/jake/egg-game/init/node_modules/_koa-compose@4.1.0@koa-compose/index.js:34:12
    at dispatch (/Users/jake/egg-game/init/node_modules/_koa-compose@4.1.0@koa-compose/index.js:42:32)
    at session (/Users/jake/egg-game/init/node_modules/_koa-session@5.12.3@koa-session/index.js:41:13)
    at dispatch (/Users/jake/egg-game/init/node_modules/_koa-compose@4.1.0@koa-compose/index.js:42:32)
    at overrideMethod (/Users/jake/egg-game/init/node_modules/_koa-override@3.0.0@koa-override/index.js:38:12)
    at dispatch (/Users/jake/egg-game/init/node_modules/_koa-compose@4.1.0@koa-compose/index.js:42:32)
message: "missing csrf token"
headers: {"Access-Control-Allow-Origin":"http://127.0.0.1:8080","vary":"Origin"}
pid: 3521
hostname: jakedeMacBook-Air.local

2019-10-02 21:54:21,901 INFO 3525 [-/127.0.0.1/-/50ms POST /auth/getToken] { success: true,
  data:
   { token:
      'eyJhbGciOiJSUzI1NiIsInR5cCI6IkpXVCJ9.eyJkYXRhIjp7InBob25lIjoiMTUzOTIxMjk4MDkiLCJ1c2VySWQiOiJmY2RiNGE1MC1lNGVlLTExZTktYjk3MC00MWI3MzBhY2Y0NTIifSwiZXhwIjoxNTcwMDI0NTIxLCJpYXQiOjE1NzAwMjQ0NjF9.X1BJ8tDKnVeI1kC_lbzCDW_EpYeqSUQnh16y2I-h5i-hMDQ6zmMONbV9biiGzyGeG8QlegiQA8e-C3QVDj9_sTHxkkBpUPslx_FV5-rQESqveoPP0Dc-Dg81Pv89eoAgSPCS-lv_nyTjFclntYfvZs1Hhxg3ZCJkFi03I_V6-cE' },
  msg: undefined }
2019-10-02 21:56:29,249 INFO 3525 [-/127.0.0.1/-/13ms POST /auth/getToken] { success: true,
  data:
   { token:
      'eyJhbGciOiJSUzI1NiIsInR5cCI6IkpXVCJ9.eyJkYXRhIjp7InBob25lIjoiMTUzOTIxMjk4MDkiLCJ1c2VySWQiOiJmY2RiNGE1MC1lNGVlLTExZTktYjk3MC00MWI3MzBhY2Y0NTIifSwiZXhwIjoxNTcwMDI0NjQ5LCJpYXQiOjE1NzAwMjQ1ODl9.ezYT3Z3R0MjKTbZuvq-tkClmrU9hBUZMFbXDvfguZ2Oi0oY2LZdzltQXz_eRsjnh8h5tnWdqC8tPjpJl66WaQuxSCy46IwGd0ECFgAaJTb4inlAKwZgadOBvKhHWxtWiAI49TqGiBJZpw7ZMISigfQj92uUx4ZzOFeIYRoFb2ko' },
  msg: undefined }
2019-10-02 21:57:57,454 INFO 3563 [-/127.0.0.1/-/61ms POST /auth/getToken] { success: true,
  data:
   { token:
      'eyJhbGciOiJSUzI1NiIsInR5cCI6IkpXVCJ9.eyJkYXRhIjp7InBob25lIjoiMTUzOTIxMjk4MDkiLCJ1c2VySWQiOiJmY2RiNGE1MC1lNGVlLTExZTktYjk3MC00MWI3MzBhY2Y0NTIifSwiZXhwIjoxNTcwMDI0NzM3LCJpYXQiOjE1NzAwMjQ2Nzd9.E8uqatJ33EYETaho_UOqzLS-q7pmjQU-CKW0zf9mXT-X670RAxXzwbSkOjSny2rofLW1xovHGHnMu5qKYXzIvRrVwc4uGtzCCUWOSLvcRFiW4xf44_AT9yn9fTm6qghyj5YQ_Lnua0OEHJworbcrXk0XmyzhnTAU3J7_FjruCZA' },
  msg: undefined }
2019-10-02 22:04:22,259 INFO 3607 [-/127.0.0.1/-/61ms POST /auth/getToken] { success: true,
  data:
   { token:
      'eyJhbGciOiJSUzI1NiIsInR5cCI6IkpXVCJ9.eyJkYXRhIjp7InBob25lIjoiMTUzOTIxMjk4MDkiLCJ1c2VySWQiOiJmY2RiNGE1MC1lNGVlLTExZTktYjk3MC00MWI3MzBhY2Y0NTIifSwiZXhwIjoxNTcwMDI1MTIyLCJpYXQiOjE1NzAwMjUwNjJ9.WDRHOi0AaT8kAfqCDeHlm1GPB3k7hajibsn8wiY9zkGkovX5DEm3dmMbwH9oHU9XySZI-wOuX0i2kLbU-HhlXSqqvqJpmARZKzYlb4vy1lPAdWLORiB53-t8torDX_Qv1BZpBGSDZw5qozBXWZT6s8XaXozIoB3a_rYhIZjGO0o' },
  msg: undefined }
2019-10-02 22:04:59,101 INFO 3607 [-/127.0.0.1/-/15ms POST /auth/getToken] { success: true,
  data:
   { token:
      'eyJhbGciOiJSUzI1NiIsInR5cCI6IkpXVCJ9.eyJkYXRhIjp7InBob25lIjoiMTUzOTIxMjk4MDkiLCJ1c2VySWQiOiJmY2RiNGE1MC1lNGVlLTExZTktYjk3MC00MWI3MzBhY2Y0NTIifSwiZXhwIjoxNTcwMDI1MTU5LCJpYXQiOjE1NzAwMjUwOTl9.lZ8YKQl7xEGudLhGUaWjZWsbVKEw9gIav5UaJHhRgaT-qUFJFAVXGLgSYukOcpdIzlbmvAy9lzvPWbN1DKwuoVa8CdPsQd1aXKpDcYQxLSaNzcIJjhUoqpsvyAJUqUhCYA9SeNcQTlAhCIhW5D8Y3aZ91LZqlGGzbLzbDfJy4a4' },
  msg: undefined }
2019-10-02 22:05:12,860 INFO 3607 [-/127.0.0.1/-/5ms POST /auth/getToken] { success: false,
  data: { errorMsg: '您的手机未注册账号，请先注册！' },
  msg: '您的手机未注册账号，请先注册！' }
2019-10-02 22:06:47,673 INFO 3641 [-/127.0.0.1/-/58ms POST /auth/registered] { success: true, data: { row: true }, msg: undefined }
2019-10-02 22:14:40,383 ERROR 3718 [-/127.0.0.1/-/43ms POST /auth/registered] nodejs.TypeError: Cannot read property 'request' of undefined
    at validate (/Users/jake/egg-game/init/node_modules/_egg-validate@2.0.2@egg-validate/app/extend/context.js:11:25)
    at authController.registered (/Users/jake/egg-game/init/app/controller/auth.js:30:5)
    at Object.callFn (/Users/jake/egg-game/init/node_modules/_egg-core@4.17.3@egg-core/lib/utils/index.js:44:21)
    at Object.classControllerMiddleware (/Users/jake/egg-game/init/node_modules/_egg-core@4.17.3@egg-core/lib/loader/mixin/controller.js:87:20)
    at Object.callFn (/Users/jake/egg-game/init/node_modules/_@eggjs_router@2.0.0@@eggjs/router/lib/utils.js:12:21)
    at wrappedController (/Users/jake/egg-game/init/node_modules/_@eggjs_router@2.0.0@@eggjs/router/lib/egg_router.js:322:18)
    at dispatch (/Users/jake/egg-game/init/node_modules/_koa-compose@3.2.1@koa-compose/index.js:44:32)
    at next (/Users/jake/egg-game/init/node_modules/_koa-compose@3.2.1@koa-compose/index.js:45:18)
    at /Users/jake/egg-game/init/node_modules/_@eggjs_router@2.0.0@@eggjs/router/lib/router.js:190:18
    at dispatch (/Users/jake/egg-game/init/node_modules/_koa-compose@3.2.1@koa-compose/index.js:44:32)
headers: {"Access-Control-Allow-Origin":"http://127.0.0.1:8080","vary":"Origin"}
pid: 3718
hostname: jakedeMacBook-Air.local

2019-10-02 22:15:30,406 ERROR 3724 [-/127.0.0.1/-/34ms POST /auth/registered] nodejs.TypeError: Cannot read property 'request' of undefined
    at validate (/Users/jake/egg-game/init/node_modules/_egg-validate@2.0.2@egg-validate/app/extend/context.js:11:25)
    at helper.sendData (/Users/jake/egg-game/init/app/controller/auth.js:37:7)
    at Helper.sendData (/Users/jake/egg-game/init/app/extend/helper.js:34:13)
    at authController.registered (/Users/jake/egg-game/init/app/controller/auth.js:31:18)
    at Object.callFn (/Users/jake/egg-game/init/node_modules/_egg-core@4.17.3@egg-core/lib/utils/index.js:44:21)
    at Object.classControllerMiddleware (/Users/jake/egg-game/init/node_modules/_egg-core@4.17.3@egg-core/lib/loader/mixin/controller.js:87:20)
    at Object.callFn (/Users/jake/egg-game/init/node_modules/_@eggjs_router@2.0.0@@eggjs/router/lib/utils.js:12:21)
    at wrappedController (/Users/jake/egg-game/init/node_modules/_@eggjs_router@2.0.0@@eggjs/router/lib/egg_router.js:322:18)
    at dispatch (/Users/jake/egg-game/init/node_modules/_koa-compose@3.2.1@koa-compose/index.js:44:32)
    at next (/Users/jake/egg-game/init/node_modules/_koa-compose@3.2.1@koa-compose/index.js:45:18)

pid: 3724
hostname: jakedeMacBook-Air.local

2019-10-02 22:15:30,411 ERROR 3724 [-/127.0.0.1/-/38ms POST /auth/registered] { success: false,
  data: null,
  error: 'TypeError: Cannot read property \'request\' of undefined' }
2019-10-02 22:16:48,870 ERROR 3738 [-/127.0.0.1/-/23ms POST /auth/registered] nodejs.TypeError: Cannot read property 'request' of undefined
    at validate (/Users/jake/egg-game/init/node_modules/_egg-validate@2.0.2@egg-validate/app/extend/context.js:11:25)
    at helper.sendData (/Users/jake/egg-game/init/app/controller/auth.js:37:7)
    at Helper.sendData (/Users/jake/egg-game/init/app/extend/helper.js:34:13)
    at authController.registered (/Users/jake/egg-game/init/app/controller/auth.js:31:18)
    at Object.callFn (/Users/jake/egg-game/init/node_modules/_egg-core@4.17.3@egg-core/lib/utils/index.js:44:21)
    at Object.classControllerMiddleware (/Users/jake/egg-game/init/node_modules/_egg-core@4.17.3@egg-core/lib/loader/mixin/controller.js:87:20)
    at Object.callFn (/Users/jake/egg-game/init/node_modules/_@eggjs_router@2.0.0@@eggjs/router/lib/utils.js:12:21)
    at wrappedController (/Users/jake/egg-game/init/node_modules/_@eggjs_router@2.0.0@@eggjs/router/lib/egg_router.js:322:18)
    at dispatch (/Users/jake/egg-game/init/node_modules/_koa-compose@3.2.1@koa-compose/index.js:44:32)
    at next (/Users/jake/egg-game/init/node_modules/_koa-compose@3.2.1@koa-compose/index.js:45:18)

pid: 3738
hostname: jakedeMacBook-Air.local

2019-10-02 22:16:48,872 ERROR 3738 [-/127.0.0.1/-/26ms POST /auth/registered] { success: false,
  data: null,
  error:
   'TypeError: Cannot read property \'request\' of undefined\n    at validate (/Users/jake/egg-game/init/node_modules/_egg-validate@2.0.2@egg-validate/app/extend/context.js:11:25)\n    at helper.sendData (/Users/jake/egg-game/init/app/controller/auth.js:37:7)\n    at Helper.sendData (/Users/jake/egg-game/init/app/extend/helper.js:34:13)\n    at authController.registered (/Users/jake/egg-game/init/app/controller/auth.js:31:18)\n    at Object.callFn (/Users/jake/egg-game/init/node_modules/_egg-core@4.17.3@egg-core/lib/utils/index.js:44:21)\n    at Object.classControllerMiddleware (/Users/jake/egg-game/init/node_modules/_egg-core@4.17.3@egg-core/lib/loader/mixin/controller.js:87:20)\n    at Object.callFn (/Users/jake/egg-game/init/node_modules/_@eggjs_router@2.0.0@@eggjs/router/lib/utils.js:12:21)\n    at wrappedController (/Users/jake/egg-game/init/node_modules/_@eggjs_router@2.0.0@@eggjs/router/lib/egg_router.js:322:18)\n    at dispatch (/Users/jake/egg-game/init/node_modules/_koa-compose@3.2.1@koa-compose/index.js:44:32)\n    at next (/Users/jake/egg-game/init/node_modules/_koa-compose@3.2.1@koa-compose/index.js:45:18)' }
2019-10-02 22:19:06,214 ERROR 3738 [-/127.0.0.1/-/14997ms POST /auth/registered] nodejs.TypeError: Cannot read property 'request' of undefined
    at validate (/Users/jake/egg-game/init/node_modules/_egg-validate@2.0.2@egg-validate/app/extend/context.js:11:25)
    at helper.sendData (/Users/jake/egg-game/init/app/controller/auth.js:37:7)
    at Helper.sendData (/Users/jake/egg-game/init/app/extend/helper.js:34:13)
    at authController.registered (/Users/jake/egg-game/init/app/controller/auth.js:31:18)
    at Object.callFn (/Users/jake/egg-game/init/node_modules/_egg-core@4.17.3@egg-core/lib/utils/index.js:44:21)
    at Object.classControllerMiddleware (/Users/jake/egg-game/init/node_modules/_egg-core@4.17.3@egg-core/lib/loader/mixin/controller.js:87:20)
    at Object.callFn (/Users/jake/egg-game/init/node_modules/_@eggjs_router@2.0.0@@eggjs/router/lib/utils.js:12:21)
    at wrappedController (/Users/jake/egg-game/init/node_modules/_@eggjs_router@2.0.0@@eggjs/router/lib/egg_router.js:322:18)
    at dispatch (/Users/jake/egg-game/init/node_modules/_koa-compose@3.2.1@koa-compose/index.js:44:32)
    at next (/Users/jake/egg-game/init/node_modules/_koa-compose@3.2.1@koa-compose/index.js:45:18)

pid: 3738
hostname: jakedeMacBook-Air.local

2019-10-02 22:19:06,215 ERROR 3738 [-/127.0.0.1/-/14999ms POST /auth/registered] { success: false,
  data: null,
  error:
   'TypeError: Cannot read property \'request\' of undefined\n    at validate (/Users/jake/egg-game/init/node_modules/_egg-validate@2.0.2@egg-validate/app/extend/context.js:11:25)\n    at helper.sendData (/Users/jake/egg-game/init/app/controller/auth.js:37:7)\n    at Helper.sendData (/Users/jake/egg-game/init/app/extend/helper.js:34:13)\n    at authController.registered (/Users/jake/egg-game/init/app/controller/auth.js:31:18)\n    at Object.callFn (/Users/jake/egg-game/init/node_modules/_egg-core@4.17.3@egg-core/lib/utils/index.js:44:21)\n    at Object.classControllerMiddleware (/Users/jake/egg-game/init/node_modules/_egg-core@4.17.3@egg-core/lib/loader/mixin/controller.js:87:20)\n    at Object.callFn (/Users/jake/egg-game/init/node_modules/_@eggjs_router@2.0.0@@eggjs/router/lib/utils.js:12:21)\n    at wrappedController (/Users/jake/egg-game/init/node_modules/_@eggjs_router@2.0.0@@eggjs/router/lib/egg_router.js:322:18)\n    at dispatch (/Users/jake/egg-game/init/node_modules/_koa-compose@3.2.1@koa-compose/index.js:44:32)\n    at next (/Users/jake/egg-game/init/node_modules/_koa-compose@3.2.1@koa-compose/index.js:45:18)' }
2019-10-02 22:20:59,731 ERROR 3766 [-/127.0.0.1/-/39ms POST /auth/registered] nodejs.TypeError: Cannot read property 'app' of undefined
    at validate (/Users/jake/egg-game/init/node_modules/_egg-validate@2.0.2@egg-validate/app/extend/context.js:12:25)
    at helper.sendData (/Users/jake/egg-game/init/app/controller/auth.js:37:7)
    at Helper.sendData (/Users/jake/egg-game/init/app/extend/helper.js:34:13)
    at authController.registered (/Users/jake/egg-game/init/app/controller/auth.js:31:18)
    at Object.callFn (/Users/jake/egg-game/init/node_modules/_egg-core@4.17.3@egg-core/lib/utils/index.js:44:21)
    at Object.classControllerMiddleware (/Users/jake/egg-game/init/node_modules/_egg-core@4.17.3@egg-core/lib/loader/mixin/controller.js:87:20)
    at Object.callFn (/Users/jake/egg-game/init/node_modules/_@eggjs_router@2.0.0@@eggjs/router/lib/utils.js:12:21)
    at wrappedController (/Users/jake/egg-game/init/node_modules/_@eggjs_router@2.0.0@@eggjs/router/lib/egg_router.js:322:18)
    at dispatch (/Users/jake/egg-game/init/node_modules/_koa-compose@3.2.1@koa-compose/index.js:44:32)
    at next (/Users/jake/egg-game/init/node_modules/_koa-compose@3.2.1@koa-compose/index.js:45:18)

pid: 3766
hostname: jakedeMacBook-Air.local

2019-10-02 22:20:59,735 ERROR 3766 [-/127.0.0.1/-/42ms POST /auth/registered] { success: false,
  data: null,
  error:
   'TypeError: Cannot read property \'app\' of undefined\n    at validate (/Users/jake/egg-game/init/node_modules/_egg-validate@2.0.2@egg-validate/app/extend/context.js:12:25)\n    at helper.sendData (/Users/jake/egg-game/init/app/controller/auth.js:37:7)\n    at Helper.sendData (/Users/jake/egg-game/init/app/extend/helper.js:34:13)\n    at authController.registered (/Users/jake/egg-game/init/app/controller/auth.js:31:18)\n    at Object.callFn (/Users/jake/egg-game/init/node_modules/_egg-core@4.17.3@egg-core/lib/utils/index.js:44:21)\n    at Object.classControllerMiddleware (/Users/jake/egg-game/init/node_modules/_egg-core@4.17.3@egg-core/lib/loader/mixin/controller.js:87:20)\n    at Object.callFn (/Users/jake/egg-game/init/node_modules/_@eggjs_router@2.0.0@@eggjs/router/lib/utils.js:12:21)\n    at wrappedController (/Users/jake/egg-game/init/node_modules/_@eggjs_router@2.0.0@@eggjs/router/lib/egg_router.js:322:18)\n    at dispatch (/Users/jake/egg-game/init/node_modules/_koa-compose@3.2.1@koa-compose/index.js:44:32)\n    at next (/Users/jake/egg-game/init/node_modules/_koa-compose@3.2.1@koa-compose/index.js:45:18)' }
2019-10-02 22:21:48,601 ERROR 3772 [-/127.0.0.1/-/31ms POST /auth/registered] nodejs.TypeError: this.app.validate is not a function
    at helper.sendData (/Users/jake/egg-game/init/app/controller/auth.js:37:16)
    at Helper.sendData (/Users/jake/egg-game/init/app/extend/helper.js:34:13)
    at authController.registered (/Users/jake/egg-game/init/app/controller/auth.js:31:18)
    at Object.callFn (/Users/jake/egg-game/init/node_modules/_egg-core@4.17.3@egg-core/lib/utils/index.js:44:21)
    at Object.classControllerMiddleware (/Users/jake/egg-game/init/node_modules/_egg-core@4.17.3@egg-core/lib/loader/mixin/controller.js:87:20)
    at Object.callFn (/Users/jake/egg-game/init/node_modules/_@eggjs_router@2.0.0@@eggjs/router/lib/utils.js:12:21)
    at wrappedController (/Users/jake/egg-game/init/node_modules/_@eggjs_router@2.0.0@@eggjs/router/lib/egg_router.js:322:18)
    at dispatch (/Users/jake/egg-game/init/node_modules/_koa-compose@3.2.1@koa-compose/index.js:44:32)
    at next (/Users/jake/egg-game/init/node_modules/_koa-compose@3.2.1@koa-compose/index.js:45:18)
    at /Users/jake/egg-game/init/node_modules/_@eggjs_router@2.0.0@@eggjs/router/lib/router.js:190:18

pid: 3772
hostname: jakedeMacBook-Air.local

2019-10-02 22:21:48,608 ERROR 3772 [-/127.0.0.1/-/34ms POST /auth/registered] { success: false,
  data: null,
  error:
   'TypeError: this.app.validate is not a function\n    at helper.sendData (/Users/jake/egg-game/init/app/controller/auth.js:37:16)\n    at Helper.sendData (/Users/jake/egg-game/init/app/extend/helper.js:34:13)\n    at authController.registered (/Users/jake/egg-game/init/app/controller/auth.js:31:18)\n    at Object.callFn (/Users/jake/egg-game/init/node_modules/_egg-core@4.17.3@egg-core/lib/utils/index.js:44:21)\n    at Object.classControllerMiddleware (/Users/jake/egg-game/init/node_modules/_egg-core@4.17.3@egg-core/lib/loader/mixin/controller.js:87:20)\n    at Object.callFn (/Users/jake/egg-game/init/node_modules/_@eggjs_router@2.0.0@@eggjs/router/lib/utils.js:12:21)\n    at wrappedController (/Users/jake/egg-game/init/node_modules/_@eggjs_router@2.0.0@@eggjs/router/lib/egg_router.js:322:18)\n    at dispatch (/Users/jake/egg-game/init/node_modules/_koa-compose@3.2.1@koa-compose/index.js:44:32)\n    at next (/Users/jake/egg-game/init/node_modules/_koa-compose@3.2.1@koa-compose/index.js:45:18)\n    at /Users/jake/egg-game/init/node_modules/_@eggjs_router@2.0.0@@eggjs/router/lib/router.js:190:18' }
2019-10-02 22:22:17,878 ERROR 3772 [-/127.0.0.1/-/10216ms POST /auth/registered] nodejs.TypeError: this.app.validate is not a function
    at helper.sendData (/Users/jake/egg-game/init/app/controller/auth.js:37:16)
    at Helper.sendData (/Users/jake/egg-game/init/app/extend/helper.js:34:13)
    at authController.registered (/Users/jake/egg-game/init/app/controller/auth.js:31:18)
    at Object.callFn (/Users/jake/egg-game/init/node_modules/_egg-core@4.17.3@egg-core/lib/utils/index.js:44:21)
    at Object.classControllerMiddleware (/Users/jake/egg-game/init/node_modules/_egg-core@4.17.3@egg-core/lib/loader/mixin/controller.js:87:20)
    at Object.callFn (/Users/jake/egg-game/init/node_modules/_@eggjs_router@2.0.0@@eggjs/router/lib/utils.js:12:21)
    at wrappedController (/Users/jake/egg-game/init/node_modules/_@eggjs_router@2.0.0@@eggjs/router/lib/egg_router.js:322:18)
    at dispatch (/Users/jake/egg-game/init/node_modules/_koa-compose@3.2.1@koa-compose/index.js:44:32)
    at next (/Users/jake/egg-game/init/node_modules/_koa-compose@3.2.1@koa-compose/index.js:45:18)
    at /Users/jake/egg-game/init/node_modules/_@eggjs_router@2.0.0@@eggjs/router/lib/router.js:190:18

pid: 3772
hostname: jakedeMacBook-Air.local

2019-10-02 22:22:17,881 ERROR 3772 [-/127.0.0.1/-/10219ms POST /auth/registered] { success: false,
  data: null,
  error:
   'TypeError: this.app.validate is not a function\n    at helper.sendData (/Users/jake/egg-game/init/app/controller/auth.js:37:16)\n    at Helper.sendData (/Users/jake/egg-game/init/app/extend/helper.js:34:13)\n    at authController.registered (/Users/jake/egg-game/init/app/controller/auth.js:31:18)\n    at Object.callFn (/Users/jake/egg-game/init/node_modules/_egg-core@4.17.3@egg-core/lib/utils/index.js:44:21)\n    at Object.classControllerMiddleware (/Users/jake/egg-game/init/node_modules/_egg-core@4.17.3@egg-core/lib/loader/mixin/controller.js:87:20)\n    at Object.callFn (/Users/jake/egg-game/init/node_modules/_@eggjs_router@2.0.0@@eggjs/router/lib/utils.js:12:21)\n    at wrappedController (/Users/jake/egg-game/init/node_modules/_@eggjs_router@2.0.0@@eggjs/router/lib/egg_router.js:322:18)\n    at dispatch (/Users/jake/egg-game/init/node_modules/_koa-compose@3.2.1@koa-compose/index.js:44:32)\n    at next (/Users/jake/egg-game/init/node_modules/_koa-compose@3.2.1@koa-compose/index.js:45:18)\n    at /Users/jake/egg-game/init/node_modules/_@eggjs_router@2.0.0@@eggjs/router/lib/router.js:190:18' }
2019-10-02 22:22:53,552 INFO 3780 [-/127.0.0.1/-/51ms POST /auth/registered] { success: true, data: { row: true }, msg: undefined }
2019-10-02 22:23:10,264 INFO 3780 [-/127.0.0.1/-/11ms POST /auth/registered] { success: true, data: { row: true }, msg: undefined }
2019-10-02 22:27:04,305 INFO 3802 [-/127.0.0.1/-/63763ms POST /auth/registered] { success: true, data: { row: true }, msg: undefined }
2019-10-02 22:27:47,297 INFO 3814 [-/127.0.0.1/-/13302ms POST /auth/registered] { success: true, data: { row: true }, msg: undefined }
2019-10-02 22:36:04,846 ERROR 3888 [-/127.0.0.1/-/41ms POST /auth/registered] nodejs.TypeError: this.validate is not a function
    at helper.sendData (/Users/jake/egg-game/init/app/controller/auth.js:37:27)
    at Helper.sendData (/Users/jake/egg-game/init/app/extend/helper.js:35:13)
    at authController.registered (/Users/jake/egg-game/init/app/controller/auth.js:31:18)
    at Object.callFn (/Users/jake/egg-game/init/node_modules/_egg-core@4.17.3@egg-core/lib/utils/index.js:44:21)
    at Object.classControllerMiddleware (/Users/jake/egg-game/init/node_modules/_egg-core@4.17.3@egg-core/lib/loader/mixin/controller.js:87:20)
    at Object.callFn (/Users/jake/egg-game/init/node_modules/_@eggjs_router@2.0.0@@eggjs/router/lib/utils.js:12:21)
    at wrappedController (/Users/jake/egg-game/init/node_modules/_@eggjs_router@2.0.0@@eggjs/router/lib/egg_router.js:322:18)
    at dispatch (/Users/jake/egg-game/init/node_modules/_koa-compose@3.2.1@koa-compose/index.js:44:32)
    at next (/Users/jake/egg-game/init/node_modules/_koa-compose@3.2.1@koa-compose/index.js:45:18)
    at /Users/jake/egg-game/init/node_modules/_@eggjs_router@2.0.0@@eggjs/router/lib/router.js:190:18

pid: 3888
hostname: jakedeMacBook-Air.local

2019-10-02 22:36:04,849 ERROR 3888 [-/127.0.0.1/-/43ms POST /auth/registered] { success: false,
  data: null,
  error:
   'TypeError: this.validate is not a function\n    at helper.sendData (/Users/jake/egg-game/init/app/controller/auth.js:37:27)\n    at Helper.sendData (/Users/jake/egg-game/init/app/extend/helper.js:35:13)\n    at authController.registered (/Users/jake/egg-game/init/app/controller/auth.js:31:18)\n    at Object.callFn (/Users/jake/egg-game/init/node_modules/_egg-core@4.17.3@egg-core/lib/utils/index.js:44:21)\n    at Object.classControllerMiddleware (/Users/jake/egg-game/init/node_modules/_egg-core@4.17.3@egg-core/lib/loader/mixin/controller.js:87:20)\n    at Object.callFn (/Users/jake/egg-game/init/node_modules/_@eggjs_router@2.0.0@@eggjs/router/lib/utils.js:12:21)\n    at wrappedController (/Users/jake/egg-game/init/node_modules/_@eggjs_router@2.0.0@@eggjs/router/lib/egg_router.js:322:18)\n    at dispatch (/Users/jake/egg-game/init/node_modules/_koa-compose@3.2.1@koa-compose/index.js:44:32)\n    at next (/Users/jake/egg-game/init/node_modules/_koa-compose@3.2.1@koa-compose/index.js:45:18)\n    at /Users/jake/egg-game/init/node_modules/_@eggjs_router@2.0.0@@eggjs/router/lib/router.js:190:18' }
2019-10-02 23:21:15,547 INFO 4258 [-/127.0.0.1/-/80ms POST /auth/registered] { success: true, data: { row: true }, msg: undefined }
2019-10-02 23:21:45,983 INFO 4258 [-/127.0.0.1/-/20423ms POST /auth/registered] { success: true, data: { row: true }, msg: undefined }
2019-10-02 23:23:31,967 INFO 4258 [-/127.0.0.1/-/90813ms POST /auth/registered] { success: true, data: { row: true }, msg: undefined }
2019-10-02 23:27:32,601 INFO 4296 [-/127.0.0.1/-/25241ms POST /auth/registered] { success: false,
  data:
   [ { message: 'should be a number',
       code: 'invalid',
       field: 'phone' } ],
  msg: undefined }
2019-10-02 23:28:33,715 INFO 4302 [-/127.0.0.1/-/38ms POST /auth/registered] { success: false,
  data:
   [ { message: 'should be a number',
       code: 'invalid',
       field: 'phone' } ],
  msg: 'should be a number' }
2019-10-02 23:30:02,346 INFO 4302 [-/127.0.0.1/-/5ms POST /auth/registered] { success: false,
  data:
   [ { message: 'should not be empty',
       code: 'invalid',
       field: 'account' },
     { message: 'should not be empty',
       code: 'invalid',
       field: 'password' } ],
  msg: 'should not be empty' }
2019-10-02 23:32:28,729 INFO 4343 [-/127.0.0.1/-/31ms POST /auth/registered] { success: false,
  data:
   [ { message: 'should not be empty',
       code: 'invalid',
       field: 'account' },
     { message: 'should not be empty',
       code: 'invalid',
       field: 'password' } ],
  msg: 'undefined should not be empty' }
2019-10-02 23:32:42,762 INFO 4345 [-/127.0.0.1/-/38ms POST /auth/registered] { success: false,
  data:
   [ { message: 'should not be empty',
       code: 'invalid',
       field: 'account' },
     { message: 'should not be empty',
       code: 'invalid',
       field: 'password' } ],
  msg: 'account should not be empty' }
2019-10-02 23:33:06,822 INFO 4345 [-/127.0.0.1/-/3ms POST /auth/registered] { success: false,
  data:
   [ { message: 'should not be empty',
       code: 'invalid',
       field: 'password' } ],
  msg: 'password should not be empty' }
2019-10-02 23:33:12,154 ERROR 4345 [-/127.0.0.1/-/4ms POST /auth/registered] nodejs.TypeError: Cannot read property 'length' of undefined
    at Helper.sendData (/Users/jake/egg-game/init/app/extend/helper.js:38:16)
    at authController.registered (/Users/jake/egg-game/init/app/controller/auth.js:32:18)
    at Object.callFn (/Users/jake/egg-game/init/node_modules/_egg-core@4.17.3@egg-core/lib/utils/index.js:44:21)
    at Object.classControllerMiddleware (/Users/jake/egg-game/init/node_modules/_egg-core@4.17.3@egg-core/lib/loader/mixin/controller.js:87:20)
    at Object.callFn (/Users/jake/egg-game/init/node_modules/_@eggjs_router@2.0.0@@eggjs/router/lib/utils.js:12:21)
    at wrappedController (/Users/jake/egg-game/init/node_modules/_@eggjs_router@2.0.0@@eggjs/router/lib/egg_router.js:322:18)
    at dispatch (/Users/jake/egg-game/init/node_modules/_koa-compose@3.2.1@koa-compose/index.js:44:32)
    at next (/Users/jake/egg-game/init/node_modules/_koa-compose@3.2.1@koa-compose/index.js:45:18)
    at /Users/jake/egg-game/init/node_modules/_@eggjs_router@2.0.0@@eggjs/router/lib/router.js:190:18
    at dispatch (/Users/jake/egg-game/init/node_modules/_koa-compose@3.2.1@koa-compose/index.js:44:32)
headers: {"Access-Control-Allow-Origin":"http://127.0.0.1:8080","vary":"Origin"}
pid: 4345
hostname: jakedeMacBook-Air.local

2019-10-02 23:38:52,364 ERROR 4345 [-/127.0.0.1/-/9070ms POST /auth/registered] nodejs.TypeError: Cannot read property 'length' of undefined
    at Helper.sendData (/Users/jake/egg-game/init/app/extend/helper.js:38:16)
    at authController.registered (/Users/jake/egg-game/init/app/controller/auth.js:32:18)
    at Object.callFn (/Users/jake/egg-game/init/node_modules/_egg-core@4.17.3@egg-core/lib/utils/index.js:44:21)
    at Object.classControllerMiddleware (/Users/jake/egg-game/init/node_modules/_egg-core@4.17.3@egg-core/lib/loader/mixin/controller.js:87:20)
    at Object.callFn (/Users/jake/egg-game/init/node_modules/_@eggjs_router@2.0.0@@eggjs/router/lib/utils.js:12:21)
    at wrappedController (/Users/jake/egg-game/init/node_modules/_@eggjs_router@2.0.0@@eggjs/router/lib/egg_router.js:322:18)
    at dispatch (/Users/jake/egg-game/init/node_modules/_koa-compose@3.2.1@koa-compose/index.js:44:32)
    at next (/Users/jake/egg-game/init/node_modules/_koa-compose@3.2.1@koa-compose/index.js:45:18)
    at /Users/jake/egg-game/init/node_modules/_@eggjs_router@2.0.0@@eggjs/router/lib/router.js:190:18
    at dispatch (/Users/jake/egg-game/init/node_modules/_koa-compose@3.2.1@koa-compose/index.js:44:32)
headers: {"Access-Control-Allow-Origin":"http://127.0.0.1:8080","vary":"Origin"}
pid: 4345
hostname: jakedeMacBook-Air.local

2019-10-02 23:39:04,209 INFO 4405 [-/127.0.0.1/-/58ms POST /auth/registered] { success: true, data: { row: true }, msg: undefined }
2019-10-02 23:39:09,878 INFO 4405 [-/127.0.0.1/-/12ms POST /auth/registered] { success: false,
  data: { errorMsg: '该账户已经被注册！' },
  msg: '该账户已经被注册！' }
2019-10-02 23:39:38,619 INFO 4405 [-/127.0.0.1/-/10ms POST /auth/registered] { success: false,
  data: { errorMsg: '该账户已经被注册！' },
  msg: '该账户已经被注册！' }
2019-10-02 23:39:56,681 INFO 4405 [-/127.0.0.1/-/13ms POST /auth/registered] { success: true, data: { row: true }, msg: undefined }
2019-10-02 23:43:38,118 INFO 4438 [-/127.0.0.1/-/47ms POST /auth/registered] 当前请求参数 { account: 'asd', password: 'asdasd', phone: 0 }
2019-10-02 23:43:38,126 INFO 4438 [-/127.0.0.1/-/56ms POST /auth/registered] { success: false,
  data: { errorMsg: '手机号已经被注册了！' },
  msg: '手机号已经被注册了！' }
2019-10-02 23:44:53,983 INFO 4438 [-/127.0.0.1/-/2ms POST /auth/registered] 当前请求参数 { account: 'asd', password: 'asdasd', phone: 0 }
2019-10-02 23:44:53,988 INFO 4438 [-/127.0.0.1/-/7ms POST /auth/registered] { success: false,
  data: { errorMsg: '手机号已经被注册了！' },
  msg: '手机号已经被注册了！' }
2019-10-02 23:45:09,974 INFO 4438 [-/127.0.0.1/-/1ms POST /auth/registered] 当前请求参数 { account: 'asd', password: 'asdasd', phone: 15392129809 }
2019-10-02 23:45:09,977 INFO 4438 [-/127.0.0.1/-/5ms POST /auth/registered] { success: false,
  data: { errorMsg: '手机号已经被注册了！' },
  msg: '手机号已经被注册了！' }
2019-10-02 23:45:20,530 INFO 4438 [-/127.0.0.1/-/2ms POST /auth/registered] 当前请求参数 { account: 'asd', password: 'asdasd', phone: 18557530997 }
2019-10-02 23:45:20,536 INFO 4438 [-/127.0.0.1/-/7ms POST /auth/registered] { success: false,
  data: { errorMsg: '该账户已经被注册！' },
  msg: '该账户已经被注册！' }
2019-10-02 23:45:27,501 INFO 4438 [-/127.0.0.1/-/2ms POST /auth/registered] 当前请求参数 { account: 'asdfasd', password: 'asdasd', phone: 18557530997 }
2019-10-02 23:45:27,514 INFO 4438 [-/127.0.0.1/-/14ms POST /auth/registered] { success: true, data: { row: true }, msg: undefined }
2019-10-03 09:59:51,410 INFO 1027 [-/127.0.0.1/-/53ms POST /auth/getToken] 当前请求参数 { phone: '111' }
2019-10-03 09:59:51,443 INFO 1027 [-/127.0.0.1/-/86ms POST /auth/getToken] { success: false,
  data: { errorMsg: '您的手机未注册账号，请先注册！' },
  msg: '您的手机未注册账号，请先注册！' }
2019-10-03 10:00:14,951 INFO 1027 [-/127.0.0.1/-/3ms POST /auth/getToken] 当前请求参数 { phone: '111' }
2019-10-03 10:00:24,967 INFO 1027 [-/127.0.0.1/-/10018ms POST /auth/getToken] { success: false,
  data: { errorMsg: '您的手机未注册账号，请先注册！' },
  msg: '您的手机未注册账号，请先注册！' }
2019-10-03 10:00:32,731 INFO 1032 [-/127.0.0.1/-/42ms POST /auth/getToken] 当前请求参数 { phone: '111' }
2019-10-03 10:00:32,739 INFO 1032 [-/127.0.0.1/-/50ms POST /auth/getToken] { success: false,
  data: { errorMsg: '您的手机未注册账号，请先注册！' },
  msg: '您的手机未注册账号，请先注册！' }
2019-10-03 10:03:21,017 INFO 1053 [-/127.0.0.1/-/45ms POST /auth/getToken] 当前请求参数 { phone: '111' }
2019-10-03 10:03:21,020 INFO 1053 [-/127.0.0.1/-/48ms POST /auth/getToken] { success: false,
  data:
   [ { message: '您填写的手机号错误', code: 'invalid', field: 'phone' } ],
  msg: 'phone 您填写的手机号错误' }
2019-10-03 10:05:05,997 INFO 1066 [-/127.0.0.1/-/45ms POST /auth/registered] 当前请求参数 { account: '', password: '', phone: 111 }
2019-10-03 10:05:06,000 INFO 1066 [-/127.0.0.1/-/50ms POST /auth/registered] { success: false,
  data:
   [ { message: 'should not be empty',
       code: 'invalid',
       field: 'account' },
     { message: 'should not be empty',
       code: 'invalid',
       field: 'password' },
     { message: '手机号格式有误', code: 'invalid', field: 'phone' } ],
  msg: 'account should not be empty' }
2019-10-03 10:05:10,780 INFO 1066 [-/127.0.0.1/-/2ms POST /auth/getToken] 当前请求参数 { phone: '111' }
2019-10-03 10:05:10,781 INFO 1066 [-/127.0.0.1/-/3ms POST /auth/getToken] { success: false,
  data: [ { message: '手机号格式有误', code: 'invalid', field: 'phone' } ],
  msg: 'phone 手机号格式有误' }
2019-10-03 10:10:16,630 INFO 1066 [-/127.0.0.1/-/2ms POST /auth/registered] 当前请求参数 { account: '', password: '', phone: 111 }
2019-10-03 10:10:16,630 INFO 1066 [-/127.0.0.1/-/3ms POST /auth/registered] { success: false,
  data:
   [ { message: 'should not be empty',
       code: 'invalid',
       field: 'account' },
     { message: 'should not be empty',
       code: 'invalid',
       field: 'password' },
     { message: '手机号格式有误', code: 'invalid', field: 'phone' } ],
  msg: 'account should not be empty' }
2019-10-03 10:17:46,153 INFO 1165 [-/127.0.0.1/-/42ms POST /auth/registered] 当前请求参数 { account: '', password: '', phone: 111 }
2019-10-03 10:17:46,158 INFO 1165 [-/127.0.0.1/-/46ms POST /auth/registered] { success: false,
  data:
   [ { message: 'should not be empty',
       code: 'invalid',
       field: 'account' },
     { message: 'should not be empty',
       code: 'invalid',
       field: 'password' },
     { message: '手机号格式有误', code: 'invalid', field: 'phone' } ],
  msg: 'account should not be empty' }
2019-10-03 10:18:51,393 INFO 1183 [-/127.0.0.1/-/43ms POST /auth/registered] 当前请求参数 { account: '', password: '', phone: 111 }
2019-10-03 10:18:51,396 INFO 1183 [-/127.0.0.1/-/47ms POST /auth/registered] { success: false,
  data:
   [ { message: 'should not be empty',
       code: 'invalid',
       field: 'account' },
     { message: 'should not be empty',
       code: 'invalid',
       field: 'password' },
     { message: '手机号格式有误', code: 'invalid', field: 'phone' } ],
  msg: 'account should not be empty' }
2019-10-03 10:19:52,895 INFO 1191 [-/127.0.0.1/-/34ms POST /auth/registered] 当前请求参数 { account: '', password: '', phone: 111 }
2019-10-03 10:19:52,905 INFO 1191 [-/127.0.0.1/-/46ms POST /auth/registered] { success: false,
  data:
   [ { message: 'should not be empty',
       code: 'invalid',
       field: 'account' },
     { message: 'should not be empty',
       code: 'invalid',
       field: 'password' },
     { message: '手机号格式有误', code: 'invalid', field: 'phone' } ],
  msg: '账号不能为空' }
2019-10-03 10:20:00,074 INFO 1191 [-/127.0.0.1/-/3ms POST /auth/registered] 当前请求参数 { account: '1', password: '', phone: 111 }
2019-10-03 10:20:00,075 INFO 1191 [-/127.0.0.1/-/4ms POST /auth/registered] { success: false,
  data:
   [ { message: 'should not be empty',
       code: 'invalid',
       field: 'password' },
     { message: '手机号格式有误', code: 'invalid', field: 'phone' } ],
  msg: 'password should not be empty' }
2019-10-03 10:21:00,968 INFO 1200 [-/127.0.0.1/-/34ms POST /auth/registered] 当前请求参数 { account: '1', password: '', phone: 111 }
2019-10-03 10:21:00,979 INFO 1200 [-/127.0.0.1/-/46ms POST /auth/registered] { success: false,
  data:
   [ { message: 'should not be empty',
       code: 'invalid',
       field: 'password' },
     { message: '手机号格式有误', code: 'invalid', field: 'phone' } ],
  msg: '密码不能为空' }
2019-10-03 10:24:11,986 INFO 1237 [-/127.0.0.1/-/43ms POST /auth/registered] 当前请求参数 { account: '1', password: '', phone: 111 }
2019-10-03 10:24:11,997 INFO 1237 [-/127.0.0.1/-/55ms POST /auth/registered] { success: false,
  data:
   [ { message: 'should not be empty',
       code: 'invalid',
       field: 'password' },
     { message: '手机号格式有误', code: 'invalid', field: 'phone' } ],
  msg: '密码 不能为空)' }
2019-10-03 10:24:31,347 INFO 1241 [-/127.0.0.1/-/46ms POST /auth/registered] 当前请求参数 { account: '1', password: '', phone: 111 }
2019-10-03 10:24:31,356 INFO 1241 [-/127.0.0.1/-/56ms POST /auth/registered] { success: false,
  data:
   [ { message: 'should not be empty',
       code: 'invalid',
       field: 'password' },
     { message: '手机号格式有误', code: 'invalid', field: 'phone' } ],
  msg: '密码不能为空' }
2019-10-03 10:24:38,809 INFO 1241 [-/127.0.0.1/-/2ms POST /auth/registered] 当前请求参数 { account: '', password: '', phone: 111 }
2019-10-03 10:24:38,810 INFO 1241 [-/127.0.0.1/-/3ms POST /auth/registered] { success: false,
  data:
   [ { message: 'should not be empty',
       code: 'invalid',
       field: 'account' },
     { message: 'should not be empty',
       code: 'invalid',
       field: 'password' },
     { message: '手机号格式有误', code: 'invalid', field: 'phone' } ],
  msg: '账号不能为空' }
2019-10-03 10:30:33,282 INFO 1282 [-/127.0.0.1/-/47ms POST /auth/registered] 当前请求参数 { account: '', password: '', phone: 111 }
2019-10-03 10:30:33,291 INFO 1282 [-/127.0.0.1/-/58ms POST /auth/registered] { success: false,
  data:
   [ { message: 'should not be empty',
       code: 'invalid',
       field: 'account' },
     { message: 'should not be empty',
       code: 'invalid',
       field: 'password' },
     { message: '手机号格式有误', code: 'invalid', field: 'phone' } ],
  msg: '账号不能为空' }
2019-10-03 10:30:39,293 INFO 1282 [-/127.0.0.1/-/2ms POST /auth/registered] 当前请求参数 { account: '13', password: '123', phone: 111 }
2019-10-03 10:30:39,294 INFO 1282 [-/127.0.0.1/-/3ms POST /auth/registered] { success: false,
  data: [ { message: '手机号格式有误', code: 'invalid', field: 'phone' } ],
  msg: 'phone手机号格式有误' }
2019-10-03 10:32:54,931 INFO 1303 [-/127.0.0.1/-/47ms POST /auth/registered] 当前请求参数 { account: '13', password: '123', phone: 111 }
2019-10-03 10:32:54,942 INFO 1303 [-/127.0.0.1/-/59ms POST /auth/registered] { success: false,
  data:
   [ { message: 'The format is wrong',
       code: 'invalid',
       field: 'phone' } ],
  msg: '手机号码格式错误' }
2019-10-03 11:09:34,313 INFO 1598 [-/127.0.0.1/-/53ms POST /auth/registered] 当前请求参数 { account: '13', password: '123', phone: 111 }
2019-10-03 11:09:34,325 INFO 1598 [-/127.0.0.1/-/67ms POST /auth/registered] { success: false,
  data:
   [ { message: '必须是5到16位的字母，数字，下划线，减号组合',
       code: 'invalid',
       field: 'account' },
     { message: '由大写字母和小写字母和数字组成，最少8位最大30位',
       code: 'invalid',
       field: 'password' },
     { message: 'the format is wrong',
       code: 'invalid',
       field: 'phone' } ],
  msg: '账号必须是5到16位的字母，数字，下划线，减号组合' }
2019-10-03 11:10:06,474 INFO 1598 [-/127.0.0.1/-/2ms POST /auth/registered] 当前请求参数 { account: '13', password: '123', phone: 111 }
2019-10-03 11:10:06,476 INFO 1598 [-/127.0.0.1/-/4ms POST /auth/registered] { success: false,
  data:
   [ { message: '必须是5到16位的字母，数字，下划线，减号组合',
       code: 'invalid',
       field: 'account' },
     { message: '由大写字母和小写字母和数字组成，最少8位最大30位',
       code: 'invalid',
       field: 'password' },
     { message: 'the format is wrong',
       code: 'invalid',
       field: 'phone' } ],
  msg: '账号必须是5到16位的字母，数字，下划线，减号组合' }
2019-10-03 11:10:11,063 INFO 1598 [-/127.0.0.1/-/4ms POST /auth/registered] 当前请求参数 { account: '13', password: '123', phone: 111 }
2019-10-03 11:10:11,065 INFO 1598 [-/127.0.0.1/-/5ms POST /auth/registered] { success: false,
  data:
   [ { message: '必须是5到16位的字母，数字，下划线，减号组合',
       code: 'invalid',
       field: 'account' },
     { message: '由大写字母和小写字母和数字组成，最少8位最大30位',
       code: 'invalid',
       field: 'password' },
     { message: 'the format is wrong',
       code: 'invalid',
       field: 'phone' } ],
  msg: '账号必须是5到16位的字母，数字，下划线，减号组合' }
2019-10-03 11:10:33,363 INFO 1614 [-/127.0.0.1/-/37ms POST /auth/registered] 当前请求参数 { account: '13', password: '123', phone: 111 }
2019-10-03 11:10:33,370 INFO 1614 [-/127.0.0.1/-/46ms POST /auth/registered] { success: false,
  data:
   [ { message: '由5到16位的字母，数字，下划线，减号组合',
       code: 'invalid',
       field: 'account' },
     { message: '由大写字母和小写字母和数字组成，最少8位最大30位',
       code: 'invalid',
       field: 'password' },
     { message: 'the format is wrong',
       code: 'invalid',
       field: 'phone' } ],
  msg: '账号由5到16位的字母，数字，下划线，减号组合' }
2019-10-03 11:11:26,280 INFO 1614 [-/127.0.0.1/-/2ms POST /auth/registered] 当前请求参数 { account: '13123', password: '123', phone: 111 }
2019-10-03 11:11:26,282 INFO 1614 [-/127.0.0.1/-/4ms POST /auth/registered] { success: false,
  data:
   [ { message: '由大写字母和小写字母和数字组成，最少8位最大30位',
       code: 'invalid',
       field: 'password' },
     { message: 'the format is wrong',
       code: 'invalid',
       field: 'phone' } ],
  msg: '密码由大写字母和小写字母和数字组成，最少8位最大30位' }
2019-10-03 11:11:39,899 INFO 1614 [-/127.0.0.1/-/2ms POST /auth/registered] 当前请求参数 { account: '13123', password: '1233123312', phone: 111 }
2019-10-03 11:11:39,899 INFO 1614 [-/127.0.0.1/-/2ms POST /auth/registered] { success: false,
  data:
   [ { message: '由大写字母和小写字母和数字组成，最少8位最大30位',
       code: 'invalid',
       field: 'password' },
     { message: 'the format is wrong',
       code: 'invalid',
       field: 'phone' } ],
  msg: '密码由大写字母和小写字母和数字组成，最少8位最大30位' }
2019-10-03 11:11:48,981 INFO 1614 [-/127.0.0.1/-/2ms POST /auth/registered] 当前请求参数 { account: '13123', password: 'qq241930', phone: 111 }
2019-10-03 11:11:48,982 INFO 1614 [-/127.0.0.1/-/3ms POST /auth/registered] { success: false,
  data:
   [ { message: '由大写字母和小写字母和数字组成，最少8位最大30位',
       code: 'invalid',
       field: 'password' },
     { message: 'the format is wrong',
       code: 'invalid',
       field: 'phone' } ],
  msg: '密码由大写字母和小写字母和数字组成，最少8位最大30位' }
2019-10-03 11:11:54,799 INFO 1614 [-/127.0.0.1/-/1ms POST /auth/registered] 当前请求参数 { account: '13123', password: 'Qq241930', phone: 111 }
2019-10-03 11:11:54,800 INFO 1614 [-/127.0.0.1/-/3ms POST /auth/registered] { success: false,
  data:
   [ { message: 'the format is wrong',
       code: 'invalid',
       field: 'phone' } ],
  msg: '手机号码格式错误' }
2019-10-03 11:13:45,642 INFO 1614 [-/127.0.0.1/-/1ms POST /auth/registered] 当前请求参数 { account: '13123', password: 'Qq241930', phone: 111 }
2019-10-03 11:13:45,643 INFO 1614 [-/127.0.0.1/-/2ms POST /auth/registered] { success: false,
  data:
   [ { message: 'the format is wrong',
       code: 'invalid',
       field: 'phone' } ],
  msg: '手机号码格式错误' }
2019-10-03 11:13:49,458 INFO 1614 [-/127.0.0.1/-/2ms POST /auth/registered] 当前请求参数 { account: '13123', password: 'Qq241930', phone: 111 }
2019-10-03 11:13:49,458 INFO 1614 [-/127.0.0.1/-/3ms POST /auth/registered] { success: false,
  data:
   [ { message: 'the format is wrong',
       code: 'invalid',
       field: 'phone' } ],
  msg: '手机号码格式错误' }
2019-10-03 11:13:50,065 INFO 1614 [-/127.0.0.1/-/3ms POST /auth/registered] 当前请求参数 { account: '13123', password: 'Qq241930', phone: 111 }
2019-10-03 11:13:50,066 INFO 1614 [-/127.0.0.1/-/4ms POST /auth/registered] { success: false,
  data:
   [ { message: 'the format is wrong',
       code: 'invalid',
       field: 'phone' } ],
  msg: '手机号码格式错误' }
2019-10-03 11:13:50,606 INFO 1614 [-/127.0.0.1/-/4ms POST /auth/registered] 当前请求参数 { account: '13123', password: 'Qq241930', phone: 111 }
2019-10-03 11:13:50,607 INFO 1614 [-/127.0.0.1/-/4ms POST /auth/registered] { success: false,
  data:
   [ { message: 'the format is wrong',
       code: 'invalid',
       field: 'phone' } ],
  msg: '手机号码格式错误' }
2019-10-03 11:13:51,085 INFO 1614 [-/127.0.0.1/-/1ms POST /auth/registered] 当前请求参数 { account: '13123', password: 'Qq241930', phone: 111 }
2019-10-03 11:13:51,086 INFO 1614 [-/127.0.0.1/-/2ms POST /auth/registered] { success: false,
  data:
   [ { message: 'the format is wrong',
       code: 'invalid',
       field: 'phone' } ],
  msg: '手机号码格式错误' }
2019-10-03 11:13:55,072 INFO 1614 [-/127.0.0.1/-/2ms POST /auth/registered] 当前请求参数 { account: '13123', password: 'Qq241930', phone: 111 }
2019-10-03 11:13:55,072 INFO 1614 [-/127.0.0.1/-/3ms POST /auth/registered] { success: false,
  data:
   [ { message: 'the format is wrong',
       code: 'invalid',
       field: 'phone' } ],
  msg: '手机号码格式错误' }
2019-10-03 11:13:55,791 INFO 1614 [-/127.0.0.1/-/3ms POST /auth/registered] 当前请求参数 { account: '13123', password: 'Qq241930', phone: 111 }
2019-10-03 11:13:55,792 INFO 1614 [-/127.0.0.1/-/4ms POST /auth/registered] { success: false,
  data:
   [ { message: 'the format is wrong',
       code: 'invalid',
       field: 'phone' } ],
  msg: '手机号码格式错误' }
2019-10-03 11:13:56,394 INFO 1614 [-/127.0.0.1/-/1ms POST /auth/registered] 当前请求参数 { account: '13123', password: 'Qq241930', phone: 111 }
2019-10-03 11:13:56,395 INFO 1614 [-/127.0.0.1/-/2ms POST /auth/registered] { success: false,
  data:
   [ { message: 'the format is wrong',
       code: 'invalid',
       field: 'phone' } ],
  msg: '手机号码格式错误' }
2019-10-03 11:13:57,424 INFO 1614 [-/127.0.0.1/-/4ms POST /auth/registered] 当前请求参数 { account: '13123', password: 'Qq241930', phone: 111 }
2019-10-03 11:13:57,425 INFO 1614 [-/127.0.0.1/-/6ms POST /auth/registered] { success: false,
  data:
   [ { message: 'the format is wrong',
       code: 'invalid',
       field: 'phone' } ],
  msg: '手机号码格式错误' }
2019-10-03 11:15:05,571 INFO 1614 [-/127.0.0.1/-/2ms POST /auth/registered] 当前请求参数 { account: '13123', password: 'Qq241930', phone: 111 }
2019-10-03 11:15:05,571 INFO 1614 [-/127.0.0.1/-/2ms POST /auth/registered] { success: false,
  data:
   [ { message: 'the format is wrong',
       code: 'invalid',
       field: 'phone' } ],
  msg: '手机号码格式错误' }
2019-10-03 11:15:24,266 INFO 1655 [-/127.0.0.1/-/29ms POST /auth/registered] 当前请求参数 { account: '13123', password: 'Qq241930', phone: 111 }
2019-10-03 11:15:24,275 INFO 1655 [-/127.0.0.1/-/39ms POST /auth/registered] { success: false,
  data:
   [ { message: 'the format is wrong',
       code: 'invalid',
       field: 'phone' } ],
  msg: '手机号码格式错误' }
2019-10-03 11:16:16,211 INFO 1655 [-/127.0.0.1/-/2ms POST /auth/registered] 当前请求参数 { account: '13123', password: 'Qq241930_', phone: 111 }
2019-10-03 11:16:16,212 INFO 1655 [-/127.0.0.1/-/3ms POST /auth/registered] { success: false,
  data:
   [ { message: 'the format is wrong',
       code: 'invalid',
       field: 'phone' } ],
  msg: '手机号码格式错误' }
2019-10-22 20:39:59,296 ERROR 2585 [-/127.0.0.1/-/1ms GET /] nodejs.ER_NOT_SUPPORTED_AUTH_MODEError: ER_NOT_SUPPORTED_AUTH_MODE: Client does not support authentication protocol requested by server; consider upgrading MySQL client
    at Handshake.Sequence._packetToError (/Users/wangjiahui/git/mahjong-egg/node_modules/_mysql@2.17.1@mysql/lib/protocol/sequences/Sequence.js:47:14)
    at Handshake.ErrorPacket (/Users/wangjiahui/git/mahjong-egg/node_modules/_mysql@2.17.1@mysql/lib/protocol/sequences/Handshake.js:123:18)
    at Protocol._parsePacket (/Users/wangjiahui/git/mahjong-egg/node_modules/_mysql@2.17.1@mysql/lib/protocol/Protocol.js:291:23)
    at Parser._parsePacket (/Users/wangjiahui/git/mahjong-egg/node_modules/_mysql@2.17.1@mysql/lib/protocol/Parser.js:433:10)
    at Parser.write (/Users/wangjiahui/git/mahjong-egg/node_modules/_mysql@2.17.1@mysql/lib/protocol/Parser.js:43:10)
    at Protocol.write (/Users/wangjiahui/git/mahjong-egg/node_modules/_mysql@2.17.1@mysql/lib/protocol/Protocol.js:38:16)
    at Socket.<anonymous> (/Users/wangjiahui/git/mahjong-egg/node_modules/_mysql@2.17.1@mysql/lib/Connection.js:91:28)
    at Socket.<anonymous> (/Users/wangjiahui/git/mahjong-egg/node_modules/_mysql@2.17.1@mysql/lib/Connection.js:525:10)
    at Socket.emit (events.js:210:5)
    at addChunk (_stream_readable.js:308:12)
    --------------------
    at Protocol._enqueue (/Users/wangjiahui/git/mahjong-egg/node_modules/_mysql@2.17.1@mysql/lib/protocol/Protocol.js:144:48)
    at Protocol.handshake (/Users/wangjiahui/git/mahjong-egg/node_modules/_mysql@2.17.1@mysql/lib/protocol/Protocol.js:51:23)
    at PoolConnection.connect (/Users/wangjiahui/git/mahjong-egg/node_modules/_mysql@2.17.1@mysql/lib/Connection.js:119:18)
    at Pool.getConnection (/Users/wangjiahui/git/mahjong-egg/node_modules/_mysql@2.17.1@mysql/lib/Pool.js:48:16)
    at /Users/wangjiahui/git/mahjong-egg/node_modules/_pify@2.3.0@pify/index.js:29:7
    at new Promise (<anonymous>)
    at Pool.<anonymous> (/Users/wangjiahui/git/mahjong-egg/node_modules/_pify@2.3.0@pify/index.js:12:10)
    at Pool.ret [as getConnection] (/Users/wangjiahui/git/mahjong-egg/node_modules/_pify@2.3.0@pify/index.js:56:34)
    at Pool.query (/Users/wangjiahui/git/mahjong-egg/node_modules/_mysql@2.17.1@mysql/lib/Pool.js:202:8)
    at /Users/wangjiahui/git/mahjong-egg/node_modules/_pify@2.3.0@pify/index.js:29:7
    sql: select now() as currentTime;
code: "ER_NOT_SUPPORTED_AUTH_MODE"
errno: 1251
sqlMessage: "Client does not support authentication protocol requested by server; consider upgrading MySQL client"
sqlState: "08004"
fatal: true
name: "ER_NOT_SUPPORTED_AUTH_MODEError"
pid: 2585
hostname: wangjiahuideMacBook-Pro.local

